
*** Running vivado
    with args -log bd_1f27_c_counter_binary_0_0.vds -m64 -product Vivado -mode batch -messageDb vivado.pb -notrace -source bd_1f27_c_counter_binary_0_0.tcl


****** Vivado v2018.2 (64-bit)
  **** SW Build 2258646 on Thu Jun 14 20:02:38 MDT 2018
  **** IP Build 2256618 on Thu Jun 14 22:10:49 MDT 2018
    ** Copyright 1986-2018 Xilinx, Inc. All Rights Reserved.

source bd_1f27_c_counter_binary_0_0.tcl -notrace
create_project: Time (s): cpu = 00:00:00.62 ; elapsed = 00:00:15 . Memory (MB): peak = 1180.457 ; gain = 4.027 ; free physical = 90 ; free virtual = 7579
Command: synth_design -top bd_1f27_c_counter_binary_0_0 -part xc7z030sbg485-1 -mode out_of_context
Starting synth_design
Attempting to get a license for feature 'Synthesis' and/or device 'xc7z030'
INFO: [Common 17-349] Got license for feature 'Synthesis' and/or device 'xc7z030'
INFO: Launching helper process for spawning children vivado processes
INFO: Helper process launched with PID 7433 
---------------------------------------------------------------------------------
Starting RTL Elaboration : Time (s): cpu = 00:00:04 ; elapsed = 00:00:10 . Memory (MB): peak = 1294.660 ; gain = 83.875 ; free physical = 116 ; free virtual = 7188
---------------------------------------------------------------------------------
INFO: [Synth 8-638] synthesizing module 'bd_1f27_c_counter_binary_0_0' [/home/shreyas/Desktop/projects/picozedFMCeth/Vivado/pz_7z030_axieth/pz_7z030_axieth.srcs/sources_1/bd/pz_7z030_axieth/ip/pz_7z030_axieth_axi_ethernet_0_0/bd_0/ip/ip_3/synth/bd_1f27_c_counter_binary_0_0.vhd:68]
	Parameter C_IMPLEMENTATION bound to: 0 - type: integer 
	Parameter C_VERBOSITY bound to: 0 - type: integer 
	Parameter C_XDEVICEFAMILY bound to: zynq - type: string 
	Parameter C_WIDTH bound to: 24 - type: integer 
	Parameter C_HAS_CE bound to: 0 - type: integer 
	Parameter C_HAS_SCLR bound to: 1 - type: integer 
	Parameter C_RESTRICT_COUNT bound to: 1 - type: integer 
	Parameter C_COUNT_TO bound to: 1100000000000000000000 - type: string 
	Parameter C_COUNT_BY bound to: 1 - type: string 
	Parameter C_COUNT_MODE bound to: 0 - type: integer 
	Parameter C_THRESH0_VALUE bound to: 1100000000000000000000 - type: string 
	Parameter C_CE_OVERRIDES_SYNC bound to: 0 - type: integer 
	Parameter C_HAS_THRESH0 bound to: 1 - type: integer 
	Parameter C_HAS_LOAD bound to: 0 - type: integer 
	Parameter C_LOAD_LOW bound to: 0 - type: integer 
	Parameter C_LATENCY bound to: 1 - type: integer 
	Parameter C_FB_LATENCY bound to: 0 - type: integer 
	Parameter C_AINIT_VAL bound to: 0 - type: string 
	Parameter C_SINIT_VAL bound to: 0 - type: string 
	Parameter C_SCLR_OVERRIDES_SSET bound to: 1 - type: integer 
	Parameter C_HAS_SSET bound to: 0 - type: integer 
	Parameter C_HAS_SINIT bound to: 0 - type: integer 
INFO: [Synth 8-3491] module 'c_counter_binary_v12_0_12' declared at '/home/shreyas/Desktop/projects/picozedFMCeth/Vivado/pz_7z030_axieth/pz_7z030_axieth.srcs/sources_1/bd/pz_7z030_axieth/ipshared/c366/hdl/c_counter_binary_v12_0_vh_rfs.vhd:2130' bound to instance 'U0' of component 'c_counter_binary_v12_0_12' [/home/shreyas/Desktop/projects/picozedFMCeth/Vivado/pz_7z030_axieth/pz_7z030_axieth.srcs/sources_1/bd/pz_7z030_axieth/ip/pz_7z030_axieth_axi_ethernet_0_0/bd_0/ip/ip_3/synth/bd_1f27_c_counter_binary_0_0.vhd:128]
INFO: [Synth 8-256] done synthesizing module 'bd_1f27_c_counter_binary_0_0' (8#1) [/home/shreyas/Desktop/projects/picozedFMCeth/Vivado/pz_7z030_axieth/pz_7z030_axieth.srcs/sources_1/bd/pz_7z030_axieth/ip/pz_7z030_axieth_axi_ethernet_0_0/bd_0/ip/ip_3/synth/bd_1f27_c_counter_binary_0_0.vhd:68]
WARNING: [Synth 8-3331] design c_reg_fd_v12_0_5_viv has unconnected port CE
WARNING: [Synth 8-3331] design c_reg_fd_v12_0_5_viv has unconnected port AINIT
WARNING: [Synth 8-3331] design c_reg_fd_v12_0_5_viv has unconnected port ACLR
WARNING: [Synth 8-3331] design c_reg_fd_v12_0_5_viv has unconnected port ASET
WARNING: [Synth 8-3331] design c_reg_fd_v12_0_5_viv has unconnected port SINIT
WARNING: [Synth 8-3331] design c_reg_fd_v12_0_5_viv has unconnected port SSET
WARNING: [Synth 8-3331] design c_addsub_v12_0_12_lut6_legacy has unconnected port b[23]
WARNING: [Synth 8-3331] design c_addsub_v12_0_12_lut6_legacy has unconnected port b[22]
WARNING: [Synth 8-3331] design c_addsub_v12_0_12_lut6_legacy has unconnected port b[21]
WARNING: [Synth 8-3331] design c_addsub_v12_0_12_lut6_legacy has unconnected port b[20]
WARNING: [Synth 8-3331] design c_addsub_v12_0_12_lut6_legacy has unconnected port b[19]
WARNING: [Synth 8-3331] design c_addsub_v12_0_12_lut6_legacy has unconnected port b[18]
WARNING: [Synth 8-3331] design c_addsub_v12_0_12_lut6_legacy has unconnected port b[17]
WARNING: [Synth 8-3331] design c_addsub_v12_0_12_lut6_legacy has unconnected port b[16]
WARNING: [Synth 8-3331] design c_addsub_v12_0_12_lut6_legacy has unconnected port b[15]
WARNING: [Synth 8-3331] design c_addsub_v12_0_12_lut6_legacy has unconnected port b[14]
WARNING: [Synth 8-3331] design c_addsub_v12_0_12_lut6_legacy has unconnected port b[13]
WARNING: [Synth 8-3331] design c_addsub_v12_0_12_lut6_legacy has unconnected port b[12]
WARNING: [Synth 8-3331] design c_addsub_v12_0_12_lut6_legacy has unconnected port b[11]
WARNING: [Synth 8-3331] design c_addsub_v12_0_12_lut6_legacy has unconnected port b[10]
WARNING: [Synth 8-3331] design c_addsub_v12_0_12_lut6_legacy has unconnected port b[9]
WARNING: [Synth 8-3331] design c_addsub_v12_0_12_lut6_legacy has unconnected port b[8]
WARNING: [Synth 8-3331] design c_addsub_v12_0_12_lut6_legacy has unconnected port b[7]
WARNING: [Synth 8-3331] design c_addsub_v12_0_12_lut6_legacy has unconnected port b[6]
WARNING: [Synth 8-3331] design c_addsub_v12_0_12_lut6_legacy has unconnected port b[5]
WARNING: [Synth 8-3331] design c_addsub_v12_0_12_lut6_legacy has unconnected port b[4]
WARNING: [Synth 8-3331] design c_addsub_v12_0_12_lut6_legacy has unconnected port b[3]
WARNING: [Synth 8-3331] design c_addsub_v12_0_12_lut6_legacy has unconnected port b[2]
WARNING: [Synth 8-3331] design c_addsub_v12_0_12_lut6_legacy has unconnected port b[1]
WARNING: [Synth 8-3331] design c_addsub_v12_0_12_lut6_legacy has unconnected port b[0]
WARNING: [Synth 8-3331] design c_addsub_v12_0_12_lut6_legacy has unconnected port add
WARNING: [Synth 8-3331] design c_addsub_v12_0_12_lut6_legacy has unconnected port c_in
WARNING: [Synth 8-3331] design c_addsub_v12_0_12_lut6_legacy has unconnected port ce
WARNING: [Synth 8-3331] design c_addsub_v12_0_12_lut6_legacy has unconnected port bypass
WARNING: [Synth 8-3331] design c_addsub_v12_0_12_lut6_legacy has unconnected port sset
WARNING: [Synth 8-3331] design c_addsub_v12_0_12_lut6_legacy has unconnected port sinit
WARNING: [Synth 8-3331] design c_addsub_v12_0_12_legacy has unconnected port c_in
WARNING: [Synth 8-3331] design c_addsub_v12_0_12_legacy has unconnected port b_in
WARNING: [Synth 8-3331] design c_addsub_v12_0_12_legacy has unconnected port a_signed
WARNING: [Synth 8-3331] design c_addsub_v12_0_12_legacy has unconnected port b_signed
WARNING: [Synth 8-3331] design c_counter_binary_v12_0_12_legacy has unconnected port up
WARNING: [Synth 8-3331] design c_counter_binary_v12_0_12_legacy has unconnected port ce
WARNING: [Synth 8-3331] design c_counter_binary_v12_0_12_legacy has unconnected port load
WARNING: [Synth 8-3331] design c_counter_binary_v12_0_12_legacy has unconnected port l[23]
WARNING: [Synth 8-3331] design c_counter_binary_v12_0_12_legacy has unconnected port l[22]
WARNING: [Synth 8-3331] design c_counter_binary_v12_0_12_legacy has unconnected port l[21]
WARNING: [Synth 8-3331] design c_counter_binary_v12_0_12_legacy has unconnected port l[20]
WARNING: [Synth 8-3331] design c_counter_binary_v12_0_12_legacy has unconnected port l[19]
WARNING: [Synth 8-3331] design c_counter_binary_v12_0_12_legacy has unconnected port l[18]
WARNING: [Synth 8-3331] design c_counter_binary_v12_0_12_legacy has unconnected port l[17]
WARNING: [Synth 8-3331] design c_counter_binary_v12_0_12_legacy has unconnected port l[16]
WARNING: [Synth 8-3331] design c_counter_binary_v12_0_12_legacy has unconnected port l[15]
WARNING: [Synth 8-3331] design c_counter_binary_v12_0_12_legacy has unconnected port l[14]
WARNING: [Synth 8-3331] design c_counter_binary_v12_0_12_legacy has unconnected port l[13]
WARNING: [Synth 8-3331] design c_counter_binary_v12_0_12_legacy has unconnected port l[12]
WARNING: [Synth 8-3331] design c_counter_binary_v12_0_12_legacy has unconnected port l[11]
WARNING: [Synth 8-3331] design c_counter_binary_v12_0_12_legacy has unconnected port l[10]
WARNING: [Synth 8-3331] design c_counter_binary_v12_0_12_legacy has unconnected port l[9]
WARNING: [Synth 8-3331] design c_counter_binary_v12_0_12_legacy has unconnected port l[8]
WARNING: [Synth 8-3331] design c_counter_binary_v12_0_12_legacy has unconnected port l[7]
WARNING: [Synth 8-3331] design c_counter_binary_v12_0_12_legacy has unconnected port l[6]
WARNING: [Synth 8-3331] design c_counter_binary_v12_0_12_legacy has unconnected port l[5]
WARNING: [Synth 8-3331] design c_counter_binary_v12_0_12_legacy has unconnected port l[4]
WARNING: [Synth 8-3331] design c_counter_binary_v12_0_12_legacy has unconnected port l[3]
WARNING: [Synth 8-3331] design c_counter_binary_v12_0_12_legacy has unconnected port l[2]
WARNING: [Synth 8-3331] design c_counter_binary_v12_0_12_legacy has unconnected port l[1]
WARNING: [Synth 8-3331] design c_counter_binary_v12_0_12_legacy has unconnected port l[0]
WARNING: [Synth 8-3331] design c_counter_binary_v12_0_12_legacy has unconnected port iv[23]
WARNING: [Synth 8-3331] design c_counter_binary_v12_0_12_legacy has unconnected port iv[22]
WARNING: [Synth 8-3331] design c_counter_binary_v12_0_12_legacy has unconnected port iv[21]
WARNING: [Synth 8-3331] design c_counter_binary_v12_0_12_legacy has unconnected port iv[20]
WARNING: [Synth 8-3331] design c_counter_binary_v12_0_12_legacy has unconnected port iv[19]
WARNING: [Synth 8-3331] design c_counter_binary_v12_0_12_legacy has unconnected port iv[18]
WARNING: [Synth 8-3331] design c_counter_binary_v12_0_12_legacy has unconnected port iv[17]
WARNING: [Synth 8-3331] design c_counter_binary_v12_0_12_legacy has unconnected port iv[16]
WARNING: [Synth 8-3331] design c_counter_binary_v12_0_12_legacy has unconnected port iv[15]
WARNING: [Synth 8-3331] design c_counter_binary_v12_0_12_legacy has unconnected port iv[14]
WARNING: [Synth 8-3331] design c_counter_binary_v12_0_12_legacy has unconnected port iv[13]
WARNING: [Synth 8-3331] design c_counter_binary_v12_0_12_legacy has unconnected port iv[12]
WARNING: [Synth 8-3331] design c_counter_binary_v12_0_12_legacy has unconnected port iv[11]
WARNING: [Synth 8-3331] design c_counter_binary_v12_0_12_legacy has unconnected port iv[10]
WARNING: [Synth 8-3331] design c_counter_binary_v12_0_12_legacy has unconnected port iv[9]
WARNING: [Synth 8-3331] design c_counter_binary_v12_0_12_legacy has unconnected port iv[8]
WARNING: [Synth 8-3331] design c_counter_binary_v12_0_12_legacy has unconnected port iv[7]
WARNING: [Synth 8-3331] design c_counter_binary_v12_0_12_legacy has unconnected port iv[6]
WARNING: [Synth 8-3331] design c_counter_binary_v12_0_12_legacy has unconnected port iv[5]
WARNING: [Synth 8-3331] design c_counter_binary_v12_0_12_legacy has unconnected port iv[4]
WARNING: [Synth 8-3331] design c_counter_binary_v12_0_12_legacy has unconnected port iv[3]
WARNING: [Synth 8-3331] design c_counter_binary_v12_0_12_legacy has unconnected port iv[2]
WARNING: [Synth 8-3331] design c_counter_binary_v12_0_12_legacy has unconnected port iv[1]
WARNING: [Synth 8-3331] design c_counter_binary_v12_0_12_legacy has unconnected port iv[0]
WARNING: [Synth 8-3331] design c_counter_binary_v12_0_12_legacy has unconnected port sset
WARNING: [Synth 8-3331] design c_counter_binary_v12_0_12_legacy has unconnected port sinit
---------------------------------------------------------------------------------
Finished RTL Elaboration : Time (s): cpu = 00:00:07 ; elapsed = 00:00:16 . Memory (MB): peak = 1350.285 ; gain = 139.500 ; free physical = 306 ; free virtual = 7181
---------------------------------------------------------------------------------

Report Check Netlist: 
+------+------------------+-------+---------+-------+------------------+
|      |Item              |Errors |Warnings |Status |Description       |
+------+------------------+-------+---------+-------+------------------+
|1     |multi_driven_nets |      0|        0|Passed |Multi driven nets |
+------+------------------+-------+---------+-------+------------------+
---------------------------------------------------------------------------------
Start Handling Custom Attributes
---------------------------------------------------------------------------------
---------------------------------------------------------------------------------
Finished Handling Custom Attributes : Time (s): cpu = 00:00:08 ; elapsed = 00:00:17 . Memory (MB): peak = 1350.285 ; gain = 139.500 ; free physical = 286 ; free virtual = 7166
---------------------------------------------------------------------------------
---------------------------------------------------------------------------------
Finished RTL Optimization Phase 1 : Time (s): cpu = 00:00:08 ; elapsed = 00:00:17 . Memory (MB): peak = 1350.285 ; gain = 139.500 ; free physical = 286 ; free virtual = 7166
---------------------------------------------------------------------------------
INFO: [Netlist 29-17] Analyzing 47 Unisim elements for replacement
INFO: [Netlist 29-28] Unisim Transformation completed in 0 CPU seconds
INFO: [Device 21-403] Loading part xc7z030sbg485-1
INFO: [Project 1-570] Preparing netlist for logic optimization

Processing XDC Constraints
Initializing timing engine
Parsing XDC File [/home/shreyas/Desktop/projects/picozedFMCeth/Vivado/pz_7z030_axieth/pz_7z030_axieth.srcs/sources_1/bd/pz_7z030_axieth/ip/pz_7z030_axieth_axi_ethernet_0_0/bd_0/ip/ip_3/bd_1f27_c_counter_binary_0_0_ooc.xdc] for cell 'U0'
Finished Parsing XDC File [/home/shreyas/Desktop/projects/picozedFMCeth/Vivado/pz_7z030_axieth/pz_7z030_axieth.srcs/sources_1/bd/pz_7z030_axieth/ip/pz_7z030_axieth_axi_ethernet_0_0/bd_0/ip/ip_3/bd_1f27_c_counter_binary_0_0_ooc.xdc] for cell 'U0'
Parsing XDC File [/home/shreyas/Desktop/projects/picozedFMCeth/Vivado/pz_7z030_axieth/pz_7z030_axieth.runs/bd_1f27_c_counter_binary_0_0_synth_1/dont_touch.xdc]
Finished Parsing XDC File [/home/shreyas/Desktop/projects/picozedFMCeth/Vivado/pz_7z030_axieth/pz_7z030_axieth.runs/bd_1f27_c_counter_binary_0_0_synth_1/dont_touch.xdc]
Completed Processing XDC Constraints

INFO: [Project 1-111] Unisim Transformation Summary:
No Unisim elements were transformed.

Constraint Validation Runtime : Time (s): cpu = 00:00:00.06 ; elapsed = 00:00:05 . Memory (MB): peak = 1665.660 ; gain = 0.000 ; free physical = 110 ; free virtual = 6685
---------------------------------------------------------------------------------
Finished Constraint Validation : Time (s): cpu = 00:00:27 ; elapsed = 00:01:57 . Memory (MB): peak = 1665.660 ; gain = 454.875 ; free physical = 292 ; free virtual = 6868
---------------------------------------------------------------------------------
---------------------------------------------------------------------------------
Start Loading Part and Timing Information
---------------------------------------------------------------------------------
Loading part: xc7z030sbg485-1
---------------------------------------------------------------------------------
Finished Loading Part and Timing Information : Time (s): cpu = 00:00:27 ; elapsed = 00:01:57 . Memory (MB): peak = 1665.660 ; gain = 454.875 ; free physical = 286 ; free virtual = 6869
---------------------------------------------------------------------------------
---------------------------------------------------------------------------------
Start Applying 'set_property' XDC Constraints
---------------------------------------------------------------------------------
Applied set_property DONT_TOUCH = true for U0. (constraint file  /home/shreyas/Desktop/projects/picozedFMCeth/Vivado/pz_7z030_axieth/pz_7z030_axieth.runs/bd_1f27_c_counter_binary_0_0_synth_1/dont_touch.xdc, line 6).
---------------------------------------------------------------------------------
Finished applying 'set_property' XDC Constraints : Time (s): cpu = 00:00:27 ; elapsed = 00:01:58 . Memory (MB): peak = 1665.660 ; gain = 454.875 ; free physical = 285 ; free virtual = 6872
---------------------------------------------------------------------------------
---------------------------------------------------------------------------------
Finished RTL Optimization Phase 2 : Time (s): cpu = 00:00:28 ; elapsed = 00:01:59 . Memory (MB): peak = 1665.660 ; gain = 454.875 ; free physical = 266 ; free virtual = 6864
---------------------------------------------------------------------------------

Report RTL Partitions: 
+-+--------------+------------+----------+
| |RTL Partition |Replication |Instances |
+-+--------------+------------+----------+
+-+--------------+------------+----------+
---------------------------------------------------------------------------------
Start RTL Component Statistics 
---------------------------------------------------------------------------------
---------------------------------------------------------------------------------
Finished RTL Component Statistics 
---------------------------------------------------------------------------------
---------------------------------------------------------------------------------
Start RTL Hierarchical Component Statistics 
---------------------------------------------------------------------------------
---------------------------------------------------------------------------------
Finished RTL Hierarchical Component Statistics
---------------------------------------------------------------------------------
---------------------------------------------------------------------------------
Start Part Resource Summary
---------------------------------------------------------------------------------
Part Resources:
DSPs: 400 (col length:80)
BRAMs: 530 (col length: RAMB18 80 RAMB36 40)
---------------------------------------------------------------------------------
Finished Part Resource Summary
---------------------------------------------------------------------------------
---------------------------------------------------------------------------------
Start Cross Boundary and Area Optimization
---------------------------------------------------------------------------------
Warning: Parallel synthesis criteria is not met 
WARNING: [Synth 8-3331] design c_counter_binary_v12_0_12_viv has unconnected port CE
WARNING: [Synth 8-3331] design c_counter_binary_v12_0_12_viv has unconnected port SSET
WARNING: [Synth 8-3331] design c_counter_binary_v12_0_12_viv has unconnected port SINIT
WARNING: [Synth 8-3331] design c_counter_binary_v12_0_12_viv has unconnected port UP
WARNING: [Synth 8-3331] design c_counter_binary_v12_0_12_viv has unconnected port LOAD
WARNING: [Synth 8-3331] design c_counter_binary_v12_0_12_viv has unconnected port L[23]
WARNING: [Synth 8-3331] design c_counter_binary_v12_0_12_viv has unconnected port L[22]
INFO: [Common 17-14] Message 'Synth 8-3331' appears 100 times and further instances of the messages will be disabled. Use the Tcl command set_msg_config to change the current settings.
---------------------------------------------------------------------------------
Finished Cross Boundary and Area Optimization : Time (s): cpu = 00:00:28 ; elapsed = 00:02:01 . Memory (MB): peak = 1665.660 ; gain = 454.875 ; free physical = 230 ; free virtual = 6843
---------------------------------------------------------------------------------

Report RTL Partitions: 
+-+--------------+------------+----------+
| |RTL Partition |Replication |Instances |
+-+--------------+------------+----------+
+-+--------------+------------+----------+
---------------------------------------------------------------------------------
Start Applying XDC Timing Constraints
---------------------------------------------------------------------------------
---------------------------------------------------------------------------------
Finished Applying XDC Timing Constraints : Time (s): cpu = 00:00:36 ; elapsed = 00:02:14 . Memory (MB): peak = 1670.660 ; gain = 459.875 ; free physical = 116 ; free virtual = 6546
---------------------------------------------------------------------------------
---------------------------------------------------------------------------------
Start Timing Optimization
---------------------------------------------------------------------------------
---------------------------------------------------------------------------------
Finished Timing Optimization : Time (s): cpu = 00:00:36 ; elapsed = 00:02:14 . Memory (MB): peak = 1680.676 ; gain = 469.891 ; free physical = 115 ; free virtual = 6546
---------------------------------------------------------------------------------

Report RTL Partitions: 
+-+--------------+------------+----------+
| |RTL Partition |Replication |Instances |
+-+--------------+------------+----------+
+-+--------------+------------+----------+
---------------------------------------------------------------------------------
Start Technology Mapping
---------------------------------------------------------------------------------
---------------------------------------------------------------------------------
Finished Technology Mapping : Time (s): cpu = 00:00:36 ; elapsed = 00:02:15 . Memory (MB): peak = 1680.676 ; gain = 469.891 ; free physical = 139 ; free virtual = 6550
---------------------------------------------------------------------------------

Report RTL Partitions: 
+-+--------------+------------+----------+
| |RTL Partition |Replication |Instances |
+-+--------------+------------+----------+
+-+--------------+------------+----------+
---------------------------------------------------------------------------------
Start IO Insertion
---------------------------------------------------------------------------------
---------------------------------------------------------------------------------
Start Flattening Before IO Insertion
---------------------------------------------------------------------------------
---------------------------------------------------------------------------------
Finished Flattening Before IO Insertion
---------------------------------------------------------------------------------
---------------------------------------------------------------------------------
Start Final Netlist Cleanup
---------------------------------------------------------------------------------
---------------------------------------------------------------------------------
Finished Final Netlist Cleanup
---------------------------------------------------------------------------------
---------------------------------------------------------------------------------
Finished IO Insertion : Time (s): cpu = 00:00:37 ; elapsed = 00:02:18 . Memory (MB): peak = 1680.676 ; gain = 469.891 ; free physical = 131 ; free virtual = 6548
---------------------------------------------------------------------------------

Report Check Netlist: 
+------+------------------+-------+---------+-------+------------------+
|      |Item              |Errors |Warnings |Status |Description       |
+------+------------------+-------+---------+-------+------------------+
|1     |multi_driven_nets |      0|        0|Passed |Multi driven nets |
+------+------------------+-------+---------+-------+------------------+
---------------------------------------------------------------------------------
Start Renaming Generated Instances
---------------------------------------------------------------------------------
---------------------------------------------------------------------------------
Finished Renaming Generated Instances : Time (s): cpu = 00:00:37 ; elapsed = 00:02:19 . Memory (MB): peak = 1680.676 ; gain = 469.891 ; free physical = 130 ; free virtual = 6549
---------------------------------------------------------------------------------

Report RTL Partitions: 
+-+--------------+------------+----------+
| |RTL Partition |Replication |Instances |
+-+--------------+------------+----------+
+-+--------------+------------+----------+
---------------------------------------------------------------------------------
Start Rebuilding User Hierarchy
---------------------------------------------------------------------------------
---------------------------------------------------------------------------------
Finished Rebuilding User Hierarchy : Time (s): cpu = 00:00:37 ; elapsed = 00:02:19 . Memory (MB): peak = 1680.676 ; gain = 469.891 ; free physical = 127 ; free virtual = 6548
---------------------------------------------------------------------------------
---------------------------------------------------------------------------------
Start Renaming Generated Ports
---------------------------------------------------------------------------------
---------------------------------------------------------------------------------
Finished Renaming Generated Ports : Time (s): cpu = 00:00:37 ; elapsed = 00:02:19 . Memory (MB): peak = 1680.676 ; gain = 469.891 ; free physical = 127 ; free virtual = 6548
---------------------------------------------------------------------------------
---------------------------------------------------------------------------------
Start Handling Custom Attributes
---------------------------------------------------------------------------------
---------------------------------------------------------------------------------
Finished Handling Custom Attributes : Time (s): cpu = 00:00:37 ; elapsed = 00:02:19 . Memory (MB): peak = 1680.676 ; gain = 469.891 ; free physical = 127 ; free virtual = 6548
---------------------------------------------------------------------------------
---------------------------------------------------------------------------------
Start Renaming Generated Nets
---------------------------------------------------------------------------------
---------------------------------------------------------------------------------
Finished Renaming Generated Nets : Time (s): cpu = 00:00:37 ; elapsed = 00:02:19 . Memory (MB): peak = 1680.676 ; gain = 469.891 ; free physical = 127 ; free virtual = 6548
---------------------------------------------------------------------------------
---------------------------------------------------------------------------------
Start Writing Synthesis Report
---------------------------------------------------------------------------------

Report BlackBoxes: 
+-+--------------+----------+
| |BlackBox name |Instances |
+-+--------------+----------+
+-+--------------+----------+

Report Cell Usage: 
+------+------+------+
|      |Cell  |Count |
+------+------+------+
|1     |LUT1  |     1|
|2     |LUT3  |     1|
|3     |LUT5  |     1|
|4     |LUT6  |     4|
|5     |MUXCY |    23|
|6     |XORCY |    24|
|7     |FDRE  |    25|
+------+------+------+
---------------------------------------------------------------------------------
Finished Writing Synthesis Report : Time (s): cpu = 00:00:37 ; elapsed = 00:02:19 . Memory (MB): peak = 1680.676 ; gain = 469.891 ; free physical = 126 ; free virtual = 6548
---------------------------------------------------------------------------------
Synthesis finished with 0 errors, 0 critical warnings and 29 warnings.
Synthesis Optimization Runtime : Time (s): cpu = 00:00:20 ; elapsed = 00:01:10 . Memory (MB): peak = 1680.676 ; gain = 154.516 ; free physical = 235 ; free virtual = 6664
Synthesis Optimization Complete : Time (s): cpu = 00:00:37 ; elapsed = 00:02:21 . Memory (MB): peak = 1680.684 ; gain = 469.891 ; free physical = 227 ; free virtual = 6666
INFO: [Project 1-571] Translating synthesized netlist
INFO: [Netlist 29-17] Analyzing 47 Unisim elements for replacement
INFO: [Netlist 29-28] Unisim Transformation completed in 0 CPU seconds
INFO: [Project 1-570] Preparing netlist for logic optimization
INFO: [Opt 31-138] Pushed 0 inverter(s) to 0 load pin(s).
INFO: [Project 1-111] Unisim Transformation Summary:
  A total of 6 instances were transformed.
  (MUXCY,XORCY) => CARRY4: 6 instances

INFO: [Common 17-83] Releasing license: Synthesis
17 Infos, 100 Warnings, 0 Critical Warnings and 0 Errors encountered.
synth_design completed successfully
synth_design: Time (s): cpu = 00:00:40 ; elapsed = 00:02:40 . Memory (MB): peak = 1687.676 ; gain = 488.469 ; free physical = 207 ; free virtual = 6678
WARNING: [Constraints 18-5210] No constraint will be written out.
INFO: [Common 17-1381] The checkpoint '/home/shreyas/Desktop/projects/picozedFMCeth/Vivado/pz_7z030_axieth/pz_7z030_axieth.runs/bd_1f27_c_counter_binary_0_0_synth_1/bd_1f27_c_counter_binary_0_0.dcp' has been generated.
