
*** Running vivado
    with args -log bd_1f27_util_vector_logic_0_0.vds -m64 -product Vivado -mode batch -messageDb vivado.pb -notrace -source bd_1f27_util_vector_logic_0_0.tcl


****** Vivado v2018.2 (64-bit)
  **** SW Build 2258646 on Thu Jun 14 20:02:38 MDT 2018
  **** IP Build 2256618 on Thu Jun 14 22:10:49 MDT 2018
    ** Copyright 1986-2018 Xilinx, Inc. All Rights Reserved.

source bd_1f27_util_vector_logic_0_0.tcl -notrace
Command: synth_design -top bd_1f27_util_vector_logic_0_0 -part xc7z030sbg485-1 -mode out_of_context
Starting synth_design
Attempting to get a license for feature 'Synthesis' and/or device 'xc7z030'
INFO: [Common 17-349] Got license for feature 'Synthesis' and/or device 'xc7z030'
INFO: Launching helper process for spawning children vivado processes
INFO: Helper process launched with PID 7030 
---------------------------------------------------------------------------------
Starting RTL Elaboration : Time (s): cpu = 00:00:03 ; elapsed = 00:00:04 . Memory (MB): peak = 1293.660 ; gain = 82.875 ; free physical = 102 ; free virtual = 7866
---------------------------------------------------------------------------------
INFO: [Synth 8-6157] synthesizing module 'bd_1f27_util_vector_logic_0_0' [/home/shreyas/Desktop/projects/picozedFMCeth/Vivado/pz_7z030_axieth/pz_7z030_axieth.srcs/sources_1/bd/pz_7z030_axieth/ip/pz_7z030_axieth_axi_ethernet_0_0/bd_0/ip/ip_5/synth/bd_1f27_util_vector_logic_0_0.v:57]
INFO: [Synth 8-6157] synthesizing module 'util_vector_logic_v2_0_1_util_vector_logic' [/home/shreyas/Desktop/projects/picozedFMCeth/Vivado/pz_7z030_axieth/pz_7z030_axieth.srcs/sources_1/bd/pz_7z030_axieth/ipshared/2137/hdl/util_vector_logic_v2_0_vl_rfs.v:45]
	Parameter C_OPERATION bound to: not - type: string 
	Parameter C_SIZE bound to: 1 - type: integer 
INFO: [Synth 8-6155] done synthesizing module 'util_vector_logic_v2_0_1_util_vector_logic' (1#1) [/home/shreyas/Desktop/projects/picozedFMCeth/Vivado/pz_7z030_axieth/pz_7z030_axieth.srcs/sources_1/bd/pz_7z030_axieth/ipshared/2137/hdl/util_vector_logic_v2_0_vl_rfs.v:45]
INFO: [Synth 8-6155] done synthesizing module 'bd_1f27_util_vector_logic_0_0' (2#1) [/home/shreyas/Desktop/projects/picozedFMCeth/Vivado/pz_7z030_axieth/pz_7z030_axieth.srcs/sources_1/bd/pz_7z030_axieth/ip/pz_7z030_axieth_axi_ethernet_0_0/bd_0/ip/ip_5/synth/bd_1f27_util_vector_logic_0_0.v:57]
WARNING: [Synth 8-3331] design util_vector_logic_v2_0_1_util_vector_logic has unconnected port Op2[0]
---------------------------------------------------------------------------------
Finished RTL Elaboration : Time (s): cpu = 00:00:04 ; elapsed = 00:00:06 . Memory (MB): peak = 1338.285 ; gain = 127.500 ; free physical = 162 ; free virtual = 7893
---------------------------------------------------------------------------------

Report Check Netlist: 
+------+------------------+-------+---------+-------+------------------+
|      |Item              |Errors |Warnings |Status |Description       |
+------+------------------+-------+---------+-------+------------------+
|1     |multi_driven_nets |      0|        0|Passed |Multi driven nets |
+------+------------------+-------+---------+-------+------------------+
---------------------------------------------------------------------------------
Start Handling Custom Attributes
---------------------------------------------------------------------------------
---------------------------------------------------------------------------------
Finished Handling Custom Attributes : Time (s): cpu = 00:00:04 ; elapsed = 00:00:06 . Memory (MB): peak = 1338.285 ; gain = 127.500 ; free physical = 161 ; free virtual = 7892
---------------------------------------------------------------------------------
---------------------------------------------------------------------------------
Finished RTL Optimization Phase 1 : Time (s): cpu = 00:00:04 ; elapsed = 00:00:06 . Memory (MB): peak = 1338.285 ; gain = 127.500 ; free physical = 161 ; free virtual = 7892
---------------------------------------------------------------------------------
INFO: [Device 21-403] Loading part xc7z030sbg485-1
INFO: [Project 1-570] Preparing netlist for logic optimization

Processing XDC Constraints
Initializing timing engine
Completed Processing XDC Constraints

INFO: [Project 1-111] Unisim Transformation Summary:
No Unisim elements were transformed.

WARNING: [Constraints 18-5210] No constraint will be written out.
Constraint Validation Runtime : Time (s): cpu = 00:00:00.08 ; elapsed = 00:00:00.55 . Memory (MB): peak = 1606.668 ; gain = 1.000 ; free physical = 117 ; free virtual = 7484
---------------------------------------------------------------------------------
Finished Constraint Validation : Time (s): cpu = 00:00:19 ; elapsed = 00:00:45 . Memory (MB): peak = 1606.668 ; gain = 395.883 ; free physical = 187 ; free virtual = 7557
---------------------------------------------------------------------------------
---------------------------------------------------------------------------------
Start Loading Part and Timing Information
---------------------------------------------------------------------------------
Loading part: xc7z030sbg485-1
---------------------------------------------------------------------------------
Finished Loading Part and Timing Information : Time (s): cpu = 00:00:19 ; elapsed = 00:00:45 . Memory (MB): peak = 1606.668 ; gain = 395.883 ; free physical = 187 ; free virtual = 7558
---------------------------------------------------------------------------------
---------------------------------------------------------------------------------
Start Applying 'set_property' XDC Constraints
---------------------------------------------------------------------------------
---------------------------------------------------------------------------------
Finished applying 'set_property' XDC Constraints : Time (s): cpu = 00:00:19 ; elapsed = 00:00:45 . Memory (MB): peak = 1606.668 ; gain = 395.883 ; free physical = 188 ; free virtual = 7559
---------------------------------------------------------------------------------
---------------------------------------------------------------------------------
Finished RTL Optimization Phase 2 : Time (s): cpu = 00:00:20 ; elapsed = 00:00:46 . Memory (MB): peak = 1606.668 ; gain = 395.883 ; free physical = 184 ; free virtual = 7558
---------------------------------------------------------------------------------

Report RTL Partitions: 
+-+--------------+------------+----------+
| |RTL Partition |Replication |Instances |
+-+--------------+------------+----------+
+-+--------------+------------+----------+
---------------------------------------------------------------------------------
Start RTL Component Statistics 
---------------------------------------------------------------------------------
Detailed RTL Component Info : 
---------------------------------------------------------------------------------
Finished RTL Component Statistics 
---------------------------------------------------------------------------------
---------------------------------------------------------------------------------
Start RTL Hierarchical Component Statistics 
---------------------------------------------------------------------------------
Hierarchical RTL Component report 
---------------------------------------------------------------------------------
Finished RTL Hierarchical Component Statistics
---------------------------------------------------------------------------------
---------------------------------------------------------------------------------
Start Part Resource Summary
---------------------------------------------------------------------------------
Part Resources:
DSPs: 400 (col length:80)
BRAMs: 530 (col length: RAMB18 80 RAMB36 40)
---------------------------------------------------------------------------------
Finished Part Resource Summary
---------------------------------------------------------------------------------
---------------------------------------------------------------------------------
Start Cross Boundary and Area Optimization
---------------------------------------------------------------------------------
Warning: Parallel synthesis criteria is not met 
---------------------------------------------------------------------------------
Finished Cross Boundary and Area Optimization : Time (s): cpu = 00:00:20 ; elapsed = 00:00:47 . Memory (MB): peak = 1606.668 ; gain = 395.883 ; free physical = 164 ; free virtual = 7549
---------------------------------------------------------------------------------

Report RTL Partitions: 
+-+--------------+------------+----------+
| |RTL Partition |Replication |Instances |
+-+--------------+------------+----------+
+-+--------------+------------+----------+
---------------------------------------------------------------------------------
Start Applying XDC Timing Constraints
---------------------------------------------------------------------------------
---------------------------------------------------------------------------------
Finished Applying XDC Timing Constraints : Time (s): cpu = 00:00:28 ; elapsed = 00:00:59 . Memory (MB): peak = 1659.668 ; gain = 448.883 ; free physical = 107 ; free virtual = 7422
---------------------------------------------------------------------------------
---------------------------------------------------------------------------------
Start Timing Optimization
---------------------------------------------------------------------------------
---------------------------------------------------------------------------------
Finished Timing Optimization : Time (s): cpu = 00:00:28 ; elapsed = 00:00:59 . Memory (MB): peak = 1659.668 ; gain = 448.883 ; free physical = 107 ; free virtual = 7422
---------------------------------------------------------------------------------

Report RTL Partitions: 
+-+--------------+------------+----------+
| |RTL Partition |Replication |Instances |
+-+--------------+------------+----------+
+-+--------------+------------+----------+
---------------------------------------------------------------------------------
Start Technology Mapping
---------------------------------------------------------------------------------
---------------------------------------------------------------------------------
Finished Technology Mapping : Time (s): cpu = 00:00:28 ; elapsed = 00:00:59 . Memory (MB): peak = 1659.668 ; gain = 448.883 ; free physical = 106 ; free virtual = 7422
---------------------------------------------------------------------------------

Report RTL Partitions: 
+-+--------------+------------+----------+
| |RTL Partition |Replication |Instances |
+-+--------------+------------+----------+
+-+--------------+------------+----------+
---------------------------------------------------------------------------------
Start IO Insertion
---------------------------------------------------------------------------------
---------------------------------------------------------------------------------
Start Flattening Before IO Insertion
---------------------------------------------------------------------------------
---------------------------------------------------------------------------------
Finished Flattening Before IO Insertion
---------------------------------------------------------------------------------
---------------------------------------------------------------------------------
Start Final Netlist Cleanup
---------------------------------------------------------------------------------
---------------------------------------------------------------------------------
Finished Final Netlist Cleanup
---------------------------------------------------------------------------------
---------------------------------------------------------------------------------
Finished IO Insertion : Time (s): cpu = 00:00:29 ; elapsed = 00:01:00 . Memory (MB): peak = 1660.668 ; gain = 449.883 ; free physical = 113 ; free virtual = 7416
---------------------------------------------------------------------------------

Report Check Netlist: 
+------+------------------+-------+---------+-------+------------------+
|      |Item              |Errors |Warnings |Status |Description       |
+------+------------------+-------+---------+-------+------------------+
|1     |multi_driven_nets |      0|        0|Passed |Multi driven nets |
+------+------------------+-------+---------+-------+------------------+
---------------------------------------------------------------------------------
Start Renaming Generated Instances
---------------------------------------------------------------------------------
---------------------------------------------------------------------------------
Finished Renaming Generated Instances : Time (s): cpu = 00:00:29 ; elapsed = 00:01:00 . Memory (MB): peak = 1660.668 ; gain = 449.883 ; free physical = 113 ; free virtual = 7416
---------------------------------------------------------------------------------

Report RTL Partitions: 
+-+--------------+------------+----------+
| |RTL Partition |Replication |Instances |
+-+--------------+------------+----------+
+-+--------------+------------+----------+
---------------------------------------------------------------------------------
Start Rebuilding User Hierarchy
---------------------------------------------------------------------------------
---------------------------------------------------------------------------------
Finished Rebuilding User Hierarchy : Time (s): cpu = 00:00:29 ; elapsed = 00:01:00 . Memory (MB): peak = 1660.668 ; gain = 449.883 ; free physical = 113 ; free virtual = 7416
---------------------------------------------------------------------------------
---------------------------------------------------------------------------------
Start Renaming Generated Ports
---------------------------------------------------------------------------------
---------------------------------------------------------------------------------
Finished Renaming Generated Ports : Time (s): cpu = 00:00:29 ; elapsed = 00:01:00 . Memory (MB): peak = 1660.668 ; gain = 449.883 ; free physical = 113 ; free virtual = 7416
---------------------------------------------------------------------------------
---------------------------------------------------------------------------------
Start Handling Custom Attributes
---------------------------------------------------------------------------------
---------------------------------------------------------------------------------
Finished Handling Custom Attributes : Time (s): cpu = 00:00:29 ; elapsed = 00:01:00 . Memory (MB): peak = 1660.668 ; gain = 449.883 ; free physical = 113 ; free virtual = 7416
---------------------------------------------------------------------------------
---------------------------------------------------------------------------------
Start Renaming Generated Nets
---------------------------------------------------------------------------------
---------------------------------------------------------------------------------
Finished Renaming Generated Nets : Time (s): cpu = 00:00:29 ; elapsed = 00:01:00 . Memory (MB): peak = 1660.668 ; gain = 449.883 ; free physical = 113 ; free virtual = 7416
---------------------------------------------------------------------------------
---------------------------------------------------------------------------------
Start Writing Synthesis Report
---------------------------------------------------------------------------------

Report BlackBoxes: 
+-+--------------+----------+
| |BlackBox name |Instances |
+-+--------------+----------+
+-+--------------+----------+

Report Cell Usage: 
+------+-----+------+
|      |Cell |Count |
+------+-----+------+
|1     |LUT1 |     1|
+------+-----+------+

Report Instance Areas: 
+------+---------+-------+------+
|      |Instance |Module |Cells |
+------+---------+-------+------+
|1     |top      |       |     1|
+------+---------+-------+------+
---------------------------------------------------------------------------------
Finished Writing Synthesis Report : Time (s): cpu = 00:00:29 ; elapsed = 00:01:00 . Memory (MB): peak = 1660.668 ; gain = 449.883 ; free physical = 113 ; free virtual = 7415
---------------------------------------------------------------------------------
Synthesis finished with 0 errors, 0 critical warnings and 0 warnings.
Synthesis Optimization Runtime : Time (s): cpu = 00:00:16 ; elapsed = 00:00:24 . Memory (MB): peak = 1660.668 ; gain = 181.500 ; free physical = 168 ; free virtual = 7472
Synthesis Optimization Complete : Time (s): cpu = 00:00:29 ; elapsed = 00:01:00 . Memory (MB): peak = 1660.676 ; gain = 449.883 ; free physical = 166 ; free virtual = 7471
INFO: [Project 1-571] Translating synthesized netlist
INFO: [Project 1-570] Preparing netlist for logic optimization
INFO: [Opt 31-138] Pushed 0 inverter(s) to 0 load pin(s).
INFO: [Project 1-111] Unisim Transformation Summary:
No Unisim elements were transformed.

INFO: [Common 17-83] Releasing license: Synthesis
13 Infos, 2 Warnings, 0 Critical Warnings and 0 Errors encountered.
synth_design completed successfully
synth_design: Time (s): cpu = 00:00:31 ; elapsed = 00:01:04 . Memory (MB): peak = 1677.668 ; gain = 478.461 ; free physical = 156 ; free virtual = 7444
WARNING: [Constraints 18-5210] No constraint will be written out.
INFO: [Common 17-1381] The checkpoint '/home/shreyas/Desktop/projects/picozedFMCeth/Vivado/pz_7z030_axieth/pz_7z030_axieth.runs/bd_1f27_util_vector_logic_0_0_synth_1/bd_1f27_util_vector_logic_0_0.dcp' has been generated.
INFO: [Coretcl 2-1482] Added synthesis output to IP cache for IP /home/shreyas/Desktop/projects/picozedFMCeth/Vivado/pz_7z030_axieth/pz_7z030_axieth.srcs/sources_1/bd/pz_7z030_axieth/ip/pz_7z030_axieth_axi_ethernet_0_0/bd_0/ip/ip_5/bd_1f27_util_vector_logic_0_0.xci
WARNING: [Constraints 18-5210] No constraint will be written out.
INFO: [Common 17-1381] The checkpoint '/home/shreyas/Desktop/projects/picozedFMCeth/Vivado/pz_7z030_axieth/pz_7z030_axieth.runs/bd_1f27_util_vector_logic_0_0_synth_1/bd_1f27_util_vector_logic_0_0.dcp' has been generated.
INFO: [runtcl-4] Executing : report_utilization -file bd_1f27_util_vector_logic_0_0_utilization_synth.rpt -pb bd_1f27_util_vector_logic_0_0_utilization_synth.pb
report_utilization: Time (s): cpu = 00:00:00.15 ; elapsed = 00:00:00.50 . Memory (MB): peak = 1681.668 ; gain = 0.000 ; free physical = 134 ; free virtual = 7435
INFO: [Common 17-206] Exiting Vivado at Tue Jul 28 04:13:48 2020...
