Copyright 1986-2018 Xilinx, Inc. All Rights Reserved.
-----------------------------------------------------------------------------------------------------
| Tool Version : Vivado v.2018.2 (lin64) Build 2258646 Thu Jun 14 20:02:38 MDT 2018
| Date         : Tue Jul 28 04:53:58 2020
| Host         : shreyas-Lenovo-ideapad-500S-14ISK running 64-bit Ubuntu 16.04.6 LTS
| Command      : report_clock_utilization -file pz_7z030_axieth_wrapper_clock_utilization_routed.rpt
| Design       : pz_7z030_axieth_wrapper
| Device       : 7z030-sbg485
| Speed File   : -1  PRODUCTION 1.11 2014-09-11
-----------------------------------------------------------------------------------------------------

Clock Utilization Report

Table of Contents
-----------------
1. Clock Primitive Utilization
2. Global Clock Resources
3. Global Clock Source Details
4. Clock Regions: Key Resource Utilization
5. Clock Regions : Global Clock Summary
6. Device Cell Placement Summary for Global Clock g0
7. Device Cell Placement Summary for Global Clock g1
8. Device Cell Placement Summary for Global Clock g2
9. Device Cell Placement Summary for Global Clock g3
10. Device Cell Placement Summary for Global Clock g4
11. Device Cell Placement Summary for Global Clock g5
12. Device Cell Placement Summary for Global Clock g6
13. Device Cell Placement Summary for Global Clock g7
14. Device Cell Placement Summary for Global Clock g8
15. Device Cell Placement Summary for Global Clock g9
16. Clock Region Cell Placement per Global Clock: Region X0Y0
17. Clock Region Cell Placement per Global Clock: Region X1Y0
18. Clock Region Cell Placement per Global Clock: Region X0Y1
19. Clock Region Cell Placement per Global Clock: Region X1Y1
20. Clock Region Cell Placement per Global Clock: Region X0Y2
21. Clock Region Cell Placement per Global Clock: Region X1Y2
22. Clock Region Cell Placement per Global Clock: Region X0Y3
23. Clock Region Cell Placement per Global Clock: Region X1Y3

1. Clock Primitive Utilization
------------------------------

+----------+------+-----------+-----+--------------+--------+
| Type     | Used | Available | LOC | Clock Region | Pblock |
+----------+------+-----------+-----+--------------+--------+
| BUFGCTRL |    6 |        32 |   0 |            0 |      0 |
| BUFH     |    0 |        96 |   0 |            0 |      0 |
| BUFIO    |    4 |        20 |   4 |            0 |      0 |
| BUFMR    |    0 |        10 |   0 |            0 |      0 |
| BUFR     |    4 |        20 |   0 |            0 |      0 |
| MMCM     |    2 |         5 |   0 |            0 |      0 |
| PLL      |    0 |         5 |   0 |            0 |      0 |
+----------+------+-----------+-----+--------------+--------+


2. Global Clock Resources
-------------------------

+-----------+-----------+-----------------+------------+----------------+--------------+-------------------+-------------+-----------------+--------------+--------------------------------------+------------------------------------------------------------------------------------------------------------+-------------------------------------------------------------------------------------------------------+
| Global Id | Source Id | Driver Type/Pin | Constraint | Site           | Clock Region | Load Clock Region | Clock Loads | Non-Clock Loads | Clock Period | Clock                                | Driver Pin                                                                                                 | Net                                                                                                   |
+-----------+-----------+-----------------+------------+----------------+--------------+-------------------+-------------+-----------------+--------------+--------------------------------------+------------------------------------------------------------------------------------------------------------+-------------------------------------------------------------------------------------------------------+
| g0        | src0      | BUFG/O          | None       | BUFGCTRL_X0Y18 | n/a          |                 8 |       25901 |               0 |        8.000 | clk_out1_pz_7z030_axieth_clk_wiz_0_0 | pz_7z030_axieth_i/clk_wiz_0/inst/clkout1_buf/O                                                             | pz_7z030_axieth_i/clk_wiz_0/inst/clk_out1                                                             |
| g1        | src1      | BUFG/O          | None       | BUFGCTRL_X0Y16 | n/a          |                 8 |       13626 |               0 |       10.000 | clk_fpga_0                           | pz_7z030_axieth_i/processing_system7_0/inst/buffer_fclk_clk_0.FCLK_CLK_0_BUFG/O                            | pz_7z030_axieth_i/processing_system7_0/inst/FCLK_CLK0                                                 |
| g2        | src2      | BUFGCTRL/O      | None       | BUFGCTRL_X0Y0  | n/a          |                 7 |        7570 |               0 |        8.000 | clkout0                              | pz_7z030_axieth_i/axi_ethernet_0/inst/mac/inst/tri_mode_ethernet_mac_support_clocking_i/clkout1_buf/O      | pz_7z030_axieth_i/axi_ethernet_0/inst/mac/inst/tri_mode_ethernet_mac_support_clocking_i/gtx_clk_out   |
| g3        | src3      | BUFR/O          | None       | BUFR_X1Y12     | X1Y3         |                 1 |        2113 |               0 |        8.000 | rgmii_port_0_rxc                     | pz_7z030_axieth_i/axi_ethernet_0/inst/mac/inst/tri_mode_ethernet_mac_i/rgmii_interface/bufr_rgmii_rx_clk/O | pz_7z030_axieth_i/axi_ethernet_0/inst/mac/inst/tri_mode_ethernet_mac_i/rgmii_interface/rx_mac_aclk    |
| g4        | src4      | BUFR/O          | None       | BUFR_X1Y13     | X1Y3         |                 1 |        2113 |               0 |        8.000 | rgmii_port_1_rxc                     | pz_7z030_axieth_i/axi_ethernet_1/inst/mac/inst/rgmii_interface/bufr_rgmii_rx_clk/O                         | pz_7z030_axieth_i/axi_ethernet_1/inst/mac/inst/rgmii_interface/rx_mac_aclk                            |
| g5        | src5      | BUFR/O          | None       | BUFR_X1Y8      | X1Y2         |                 1 |        2113 |               0 |        8.000 | rgmii_port_2_rxc                     | pz_7z030_axieth_i/axi_ethernet_2/inst/mac/inst/rgmii_interface/bufr_rgmii_rx_clk/O                         | pz_7z030_axieth_i/axi_ethernet_2/inst/mac/inst/rgmii_interface/rx_mac_aclk                            |
| g6        | src6      | BUFR/O          | None       | BUFR_X1Y9      | X1Y2         |                 1 |        2113 |               0 |        8.000 | rgmii_port_3_rxc                     | pz_7z030_axieth_i/axi_ethernet_3/inst/mac/inst/rgmii_interface/bufr_rgmii_rx_clk/O                         | pz_7z030_axieth_i/axi_ethernet_3/inst/mac/inst/rgmii_interface/rx_mac_aclk                            |
| g7        | src2      | BUFGCTRL/O      | None       | BUFGCTRL_X0Y1  | n/a          |                 3 |         148 |               0 |        8.000 | clkout1                              | pz_7z030_axieth_i/axi_ethernet_0/inst/mac/inst/tri_mode_ethernet_mac_support_clocking_i/clkout2_buf/O      | pz_7z030_axieth_i/axi_ethernet_0/inst/mac/inst/tri_mode_ethernet_mac_support_clocking_i/gtx_clk90_out |
| g8        | src0      | BUFG/O          | None       | BUFGCTRL_X0Y17 | n/a          |                 2 |          21 |               0 |        5.000 | clk_out2_pz_7z030_axieth_clk_wiz_0_0 | pz_7z030_axieth_i/clk_wiz_0/inst/clkout2_buf/O                                                             | pz_7z030_axieth_i/clk_wiz_0/inst/clk_out2                                                             |
| g9        | src0      | BUFG/O          | None       | BUFGCTRL_X0Y19 | n/a          |                 1 |           1 |               0 |        8.000 | clkfbout_pz_7z030_axieth_clk_wiz_0_0 | pz_7z030_axieth_i/clk_wiz_0/inst/clkf_buf/O                                                                | pz_7z030_axieth_i/clk_wiz_0/inst/clkfbout_buf_pz_7z030_axieth_clk_wiz_0_0                             |
+-----------+-----------+-----------------+------------+----------------+--------------+-------------------+-------------+-----------------+--------------+--------------------------------------+------------------------------------------------------------------------------------------------------------+-------------------------------------------------------------------------------------------------------+
* Clock Loads column represents the clock pin loads (pin count)
** Non-Clock Loads column represents the non-clock pin loads (pin count)


3. Global Clock Source Details
------------------------------

+-----------+-----------+---------------------+------------+-----------------+--------------+-------------+-----------------+---------------------+--------------------------------------+---------------------------------------------------------------------------------------------------------------+-------------------------------------------------------------------------------------------------------+
| Source Id | Global Id | Driver Type/Pin     | Constraint | Site            | Clock Region | Clock Loads | Non-Clock Loads | Source Clock Period | Source Clock                         | Driver Pin                                                                                                    | Net                                                                                                   |
+-----------+-----------+---------------------+------------+-----------------+--------------+-------------+-----------------+---------------------+--------------------------------------+---------------------------------------------------------------------------------------------------------------+-------------------------------------------------------------------------------------------------------+
| src0      | g0        | MMCME2_ADV/CLKOUT0  | None       | MMCME2_ADV_X1Y3 | X1Y3         |           1 |               0 |               8.000 | clk_out1_pz_7z030_axieth_clk_wiz_0_0 | pz_7z030_axieth_i/clk_wiz_0/inst/mmcm_adv_inst/CLKOUT0                                                        | pz_7z030_axieth_i/clk_wiz_0/inst/clk_out1_pz_7z030_axieth_clk_wiz_0_0                                 |
| src0      | g8        | MMCME2_ADV/CLKOUT1  | None       | MMCME2_ADV_X1Y3 | X1Y3         |           1 |               0 |               5.000 | clk_out2_pz_7z030_axieth_clk_wiz_0_0 | pz_7z030_axieth_i/clk_wiz_0/inst/mmcm_adv_inst/CLKOUT1                                                        | pz_7z030_axieth_i/clk_wiz_0/inst/clk_out2_pz_7z030_axieth_clk_wiz_0_0                                 |
| src0      | g9        | MMCME2_ADV/CLKFBOUT | None       | MMCME2_ADV_X1Y3 | X1Y3         |           1 |               0 |               8.000 | clkfbout_pz_7z030_axieth_clk_wiz_0_0 | pz_7z030_axieth_i/clk_wiz_0/inst/mmcm_adv_inst/CLKFBOUT                                                       | pz_7z030_axieth_i/clk_wiz_0/inst/clkfbout_pz_7z030_axieth_clk_wiz_0_0                                 |
| src1      | g1        | PS7/FCLKCLK[0]      | PS7_X0Y0   | PS7_X0Y0        | X0Y3         |           1 |               0 |              10.000 | clk_fpga_0                           | pz_7z030_axieth_i/processing_system7_0/inst/PS7_i/FCLKCLK[0]                                                  | pz_7z030_axieth_i/processing_system7_0/inst/FCLK_CLK_unbuffered[0]                                    |
| src2      | g2        | MMCME2_ADV/CLKOUT0  | None       | MMCME2_ADV_X0Y0 | X0Y0         |           1 |               0 |               8.000 | clkout0                              | pz_7z030_axieth_i/axi_ethernet_0/inst/mac/inst/tri_mode_ethernet_mac_support_clocking_i/mmcm_adv_inst/CLKOUT0 | pz_7z030_axieth_i/axi_ethernet_0/inst/mac/inst/tri_mode_ethernet_mac_support_clocking_i/clkout0       |
| src2      | g7        | MMCME2_ADV/CLKOUT1  | None       | MMCME2_ADV_X0Y0 | X0Y0         |           1 |               0 |               8.000 | clkout1                              | pz_7z030_axieth_i/axi_ethernet_0/inst/mac/inst/tri_mode_ethernet_mac_support_clocking_i/mmcm_adv_inst/CLKOUT1 | pz_7z030_axieth_i/axi_ethernet_0/inst/mac/inst/tri_mode_ethernet_mac_support_clocking_i/clkout1       |
| src3      | g3,       | IBUF/O              | IOB_X1Y174 | IOB_X1Y174      | X1Y3         |           2 |               0 |               8.000 | rgmii_port_0_rxc                     | pz_7z030_axieth_i/axi_ethernet_0/inst/mac/inst/tri_mode_ethernet_mac_i/rgmii_interface/rgmii_rxc_ibuf_i/O     | pz_7z030_axieth_i/axi_ethernet_0/inst/mac/inst/tri_mode_ethernet_mac_i/rgmii_interface/rgmii_rxc_ibuf |
| src4      | g4,       | IBUF/O              | IOB_X1Y172 | IOB_X1Y172      | X1Y3         |           2 |               0 |               8.000 | rgmii_port_1_rxc                     | pz_7z030_axieth_i/axi_ethernet_1/inst/mac/inst/rgmii_interface/rgmii_rxc_ibuf_i/O                             | pz_7z030_axieth_i/axi_ethernet_1/inst/mac/inst/rgmii_interface/rgmii_rxc_ibuf                         |
| src5      | g5,       | IBUF/O              | IOB_X1Y124 | IOB_X1Y124      | X1Y2         |           2 |               0 |               8.000 | rgmii_port_2_rxc                     | pz_7z030_axieth_i/axi_ethernet_2/inst/mac/inst/rgmii_interface/rgmii_rxc_ibuf_i/O                             | pz_7z030_axieth_i/axi_ethernet_2/inst/mac/inst/rgmii_interface/rgmii_rxc_ibuf                         |
| src6      | g6,       | IBUF/O              | IOB_X1Y122 | IOB_X1Y122      | X1Y2         |           2 |               0 |               8.000 | rgmii_port_3_rxc                     | pz_7z030_axieth_i/axi_ethernet_3/inst/mac/inst/rgmii_interface/rgmii_rxc_ibuf_i/O                             | pz_7z030_axieth_i/axi_ethernet_3/inst/mac/inst/rgmii_interface/rgmii_rxc_ibuf                         |
+-----------+-----------+---------------------+------------+-----------------+--------------+-------------+-----------------+---------------------+--------------------------------------+---------------------------------------------------------------------------------------------------------------+-------------------------------------------------------------------------------------------------------+
* Clock Loads column represents the clock pin loads (pin count)
** Non-Clock Loads column represents the non-clock pin loads (pin count)


4. Clock Regions: Key Resource Utilization
------------------------------------------

+-------------------+--------------+--------------+--------------+--------------+--------------+--------------+--------------+--------------+--------------+--------------+---------------+--------------+--------------+--------------+--------------+
|                   | Global Clock |     BUFRs    |    BUFMRs    |    BUFIOs    |     MMCM     |      PLL     |      GT      |      PCI     |    ILOGIC    |    OLOGIC    |       FF      |     LUTM     |    RAMB18    |    RAMB36    |    DSP48E2   |
+-------------------+------+-------+------+-------+------+-------+------+-------+------+-------+------+-------+------+-------+------+-------+------+-------+------+-------+-------+-------+------+-------+------+-------+------+-------+------+-------+
| Clock Region Name | Used | Avail | Used | Avail | Used | Avail | Used | Avail | Used | Avail | Used | Avail | Used | Avail | Used | Avail | Used | Avail | Used | Avail | Used  | Avail | Used | Avail | Used | Avail | Used | Avail | Used | Avail |
+-------------------+------+-------+------+-------+------+-------+------+-------+------+-------+------+-------+------+-------+------+-------+------+-------+------+-------+-------+-------+------+-------+------+-------+------+-------+------+-------+
| X0Y0              |    2 |    12 |    0 |     4 |    0 |     2 |    0 |     4 |    1 |     1 |    0 |     1 |    0 |     0 |    0 |     0 |    0 |    50 |    0 |    50 |  7460 |  2900 | 2991 |  1200 |    0 |    80 |    3 |    40 |    0 |    80 |
| X1Y0              |    3 |    12 |    0 |     0 |    0 |     0 |    0 |     0 |    0 |     0 |    0 |     0 |    0 |     4 |    0 |     1 |    0 |     0 |    0 |     0 |  7464 |  2550 | 2136 |   650 |    0 |    50 |    6 |    25 |    0 |    40 |
| X0Y1              |    3 |    12 |    0 |     4 |    0 |     2 |    0 |     4 |    0 |     1 |    0 |     1 |    0 |     0 |    0 |     0 |    0 |    50 |    0 |    50 |  8988 |  2900 | 3925 |  1200 |    0 |    80 |    2 |    40 |    0 |    80 |
| X1Y1              |    4 |    12 |    0 |     4 |    0 |     2 |    0 |     4 |    0 |     1 |    0 |     1 |    0 |     0 |    0 |     0 |    0 |    50 |    0 |    50 | 10034 |  3100 | 2833 |   800 |    0 |    80 |    0 |    40 |    0 |    40 |
| X0Y2              |    3 |    12 |    0 |     0 |    0 |     0 |    0 |     0 |    0 |     0 |    0 |     0 |    0 |     0 |    0 |     0 |    0 |     0 |    0 |     0 |  4964 |  1600 | 1895 |   600 |    0 |    40 |    1 |    20 |    0 |    40 |
| X1Y2              |    9 |    12 |    2 |     4 |    0 |     2 |    2 |     4 |    0 |     1 |    0 |     1 |    0 |     0 |    0 |     0 |   10 |    50 |   12 |    50 |  7702 |  2500 | 2245 |   800 |    0 |    80 |    4 |    40 |    0 |    40 |
| X0Y3              |    3 |    12 |    0 |     0 |    0 |     0 |    0 |     0 |    0 |     0 |    0 |     0 |    0 |     0 |    0 |     0 |    0 |     0 |    0 |     0 |  1954 |  1600 |  776 |   600 |    0 |    40 |    0 |    20 |    0 |    40 |
| X1Y3              |   10 |    12 |    2 |     4 |    0 |     2 |    2 |     4 |    1 |     1 |    0 |     1 |    0 |     0 |    0 |     0 |   10 |    50 |   12 |    50 |  4428 |  2500 | 1389 |   800 |    0 |    80 |    4 |    40 |    0 |    40 |
+-------------------+------+-------+------+-------+------+-------+------+-------+------+-------+------+-------+------+-------+------+-------+------+-------+------+-------+-------+-------+------+-------+------+-------+------+-------+------+-------+
* Global Clock column represents track count; while other columns represents cell counts


5. Clock Regions : Global Clock Summary
---------------------------------------

All Modules
+----+----+----+
|    | X0 | X1 |
+----+----+----+
| Y3 |  3 | 10 |
| Y2 |  3 |  9 |
| Y1 |  3 |  4 |
| Y0 |  2 |  3 |
+----+----+----+


6. Device Cell Placement Summary for Global Clock g0
----------------------------------------------------

+-----------+-----------------+-------------------+--------------------------------------+-------------+---------------+-------------+----------+----------------+----------+-------------------------------------------+
| Global Id | Driver Type/Pin | Driver Region (D) | Clock                                | Period (ns) | Waveform (ns) | Slice Loads | IO Loads | Clocking Loads | GT Loads | Net                                       |
+-----------+-----------------+-------------------+--------------------------------------+-------------+---------------+-------------+----------+----------------+----------+-------------------------------------------+
| g0        | BUFG/O          | n/a               | clk_out1_pz_7z030_axieth_clk_wiz_0_0 |       8.000 | {0.000 4.000} |       25584 |        0 |              1 |        0 | pz_7z030_axieth_i/clk_wiz_0/inst/clk_out1 |
+-----------+-----------------+-------------------+--------------------------------------+-------------+---------------+-------------+----------+----------------+----------+-------------------------------------------+
* Logic Loads column represents load cell count of all cell types other than IO, GT and clock resources
** IO Loads column represents load cell count of IO types
*** Clocking Loads column represents load cell count that are clock resources (global clock buffer, MMCM, PLL, etc)
**** GT Loads column represents load cell count of GT types


+----+-------+-------+
|    | X0    | X1    |
+----+-------+-------+
| Y3 |   426 |    10 |
| Y2 |  1288 |   549 |
| Y1 |  6131 |  4721 |
| Y0 |  5646 |  6814 |
+----+-------+-------+


7. Device Cell Placement Summary for Global Clock g1
----------------------------------------------------

+-----------+-----------------+-------------------+------------+-------------+---------------+-------------+----------+----------------+----------+-------------------------------------------------------+
| Global Id | Driver Type/Pin | Driver Region (D) | Clock      | Period (ns) | Waveform (ns) | Slice Loads | IO Loads | Clocking Loads | GT Loads | Net                                                   |
+-----------+-----------------+-------------------+------------+-------------+---------------+-------------+----------+----------------+----------+-------------------------------------------------------+
| g1        | BUFG/O          | n/a               | clk_fpga_0 |      10.000 | {0.000 5.000} |       13197 |        0 |              0 |        0 | pz_7z030_axieth_i/processing_system7_0/inst/FCLK_CLK0 |
+-----------+-----------------+-------------------+------------+-------------+---------------+-------------+----------+----------------+----------+-------------------------------------------------------+
* Logic Loads column represents load cell count of all cell types other than IO, GT and clock resources
** IO Loads column represents load cell count of IO types
*** Clocking Loads column represents load cell count that are clock resources (global clock buffer, MMCM, PLL, etc)
**** GT Loads column represents load cell count of GT types


+----+-------+-------+
|    | X0    | X1    |
+----+-------+-------+
| Y3 |   170 |    57 |
| Y2 |  3281 |  1280 |
| Y1 |  3318 |  2792 |
| Y0 |  2059 |   240 |
+----+-------+-------+


8. Device Cell Placement Summary for Global Clock g2
----------------------------------------------------

+-----------+-----------------+-------------------+---------+-------------+---------------+-------------+----------+----------------+----------+-----------------------------------------------------------------------------------------------------+
| Global Id | Driver Type/Pin | Driver Region (D) | Clock   | Period (ns) | Waveform (ns) | Slice Loads | IO Loads | Clocking Loads | GT Loads | Net                                                                                                 |
+-----------+-----------------+-------------------+---------+-------------+---------------+-------------+----------+----------------+----------+-----------------------------------------------------------------------------------------------------+
| g2        | BUFGCTRL/O      | n/a               | clkout0 |       8.000 | {0.000 4.000} |        7282 |        0 |              0 |        0 | pz_7z030_axieth_i/axi_ethernet_0/inst/mac/inst/tri_mode_ethernet_mac_support_clocking_i/gtx_clk_out |
+-----------+-----------------+-------------------+---------+-------------+---------------+-------------+----------+----------------+----------+-----------------------------------------------------------------------------------------------------+
* Logic Loads column represents load cell count of all cell types other than IO, GT and clock resources
** IO Loads column represents load cell count of IO types
*** Clocking Loads column represents load cell count that are clock resources (global clock buffer, MMCM, PLL, etc)
**** GT Loads column represents load cell count of GT types


+----+-------+-------+
|    | X0    | X1    |
+----+-------+-------+
| Y3 |  1377 |   148 |
| Y2 |   472 |  1645 |
| Y1 |    21 |  3026 |
| Y0 |     0 |   593 |
+----+-------+-------+


9. Device Cell Placement Summary for Global Clock g3
----------------------------------------------------

+-----------+-----------------+-------------------+------------------+-------------+---------------+-------------+----------+----------------+----------+----------------------------------------------------------------------------------------------------+
| Global Id | Driver Type/Pin | Driver Region (D) | Clock            | Period (ns) | Waveform (ns) | Slice Loads | IO Loads | Clocking Loads | GT Loads | Net                                                                                                |
+-----------+-----------------+-------------------+------------------+-------------+---------------+-------------+----------+----------------+----------+----------------------------------------------------------------------------------------------------+
| g3        | BUFR/O          | X1Y3              | rgmii_port_0_rxc |       8.000 | {0.000 4.000} |        2105 |        0 |              0 |        0 | pz_7z030_axieth_i/axi_ethernet_0/inst/mac/inst/tri_mode_ethernet_mac_i/rgmii_interface/rx_mac_aclk |
+-----------+-----------------+-------------------+------------------+-------------+---------------+-------------+----------+----------------+----------+----------------------------------------------------------------------------------------------------+
* Logic Loads column represents load cell count of all cell types other than IO, GT and clock resources
** IO Loads column represents load cell count of IO types
*** Clocking Loads column represents load cell count that are clock resources (global clock buffer, MMCM, PLL, etc)
**** GT Loads column represents load cell count of GT types


+----+----+-----------+
|    | X0 | X1        |
+----+----+-----------+
| Y3 |  0 |  (D) 2105 |
| Y2 |  0 |         0 |
| Y1 |  0 |         0 |
| Y0 |  0 |         0 |
+----+----+-----------+


10. Device Cell Placement Summary for Global Clock g4
-----------------------------------------------------

+-----------+-----------------+-------------------+------------------+-------------+---------------+-------------+----------+----------------+----------+----------------------------------------------------------------------------+
| Global Id | Driver Type/Pin | Driver Region (D) | Clock            | Period (ns) | Waveform (ns) | Slice Loads | IO Loads | Clocking Loads | GT Loads | Net                                                                        |
+-----------+-----------------+-------------------+------------------+-------------+---------------+-------------+----------+----------------+----------+----------------------------------------------------------------------------+
| g4        | BUFR/O          | X1Y3              | rgmii_port_1_rxc |       8.000 | {0.000 4.000} |        2105 |        0 |              0 |        0 | pz_7z030_axieth_i/axi_ethernet_1/inst/mac/inst/rgmii_interface/rx_mac_aclk |
+-----------+-----------------+-------------------+------------------+-------------+---------------+-------------+----------+----------------+----------+----------------------------------------------------------------------------+
* Logic Loads column represents load cell count of all cell types other than IO, GT and clock resources
** IO Loads column represents load cell count of IO types
*** Clocking Loads column represents load cell count that are clock resources (global clock buffer, MMCM, PLL, etc)
**** GT Loads column represents load cell count of GT types


+----+----+-----------+
|    | X0 | X1        |
+----+----+-----------+
| Y3 |  0 |  (D) 2105 |
| Y2 |  0 |         0 |
| Y1 |  0 |         0 |
| Y0 |  0 |         0 |
+----+----+-----------+


11. Device Cell Placement Summary for Global Clock g5
-----------------------------------------------------

+-----------+-----------------+-------------------+------------------+-------------+---------------+-------------+----------+----------------+----------+----------------------------------------------------------------------------+
| Global Id | Driver Type/Pin | Driver Region (D) | Clock            | Period (ns) | Waveform (ns) | Slice Loads | IO Loads | Clocking Loads | GT Loads | Net                                                                        |
+-----------+-----------------+-------------------+------------------+-------------+---------------+-------------+----------+----------------+----------+----------------------------------------------------------------------------+
| g5        | BUFR/O          | X1Y2              | rgmii_port_2_rxc |       8.000 | {0.000 4.000} |        2105 |        0 |              0 |        0 | pz_7z030_axieth_i/axi_ethernet_2/inst/mac/inst/rgmii_interface/rx_mac_aclk |
+-----------+-----------------+-------------------+------------------+-------------+---------------+-------------+----------+----------------+----------+----------------------------------------------------------------------------+
* Logic Loads column represents load cell count of all cell types other than IO, GT and clock resources
** IO Loads column represents load cell count of IO types
*** Clocking Loads column represents load cell count that are clock resources (global clock buffer, MMCM, PLL, etc)
**** GT Loads column represents load cell count of GT types


+----+----+-----------+
|    | X0 | X1        |
+----+----+-----------+
| Y3 |  0 |         0 |
| Y2 |  0 |  (D) 2105 |
| Y1 |  0 |         0 |
| Y0 |  0 |         0 |
+----+----+-----------+


12. Device Cell Placement Summary for Global Clock g6
-----------------------------------------------------

+-----------+-----------------+-------------------+------------------+-------------+---------------+-------------+----------+----------------+----------+----------------------------------------------------------------------------+
| Global Id | Driver Type/Pin | Driver Region (D) | Clock            | Period (ns) | Waveform (ns) | Slice Loads | IO Loads | Clocking Loads | GT Loads | Net                                                                        |
+-----------+-----------------+-------------------+------------------+-------------+---------------+-------------+----------+----------------+----------+----------------------------------------------------------------------------+
| g6        | BUFR/O          | X1Y2              | rgmii_port_3_rxc |       8.000 | {0.000 4.000} |        2105 |        0 |              0 |        0 | pz_7z030_axieth_i/axi_ethernet_3/inst/mac/inst/rgmii_interface/rx_mac_aclk |
+-----------+-----------------+-------------------+------------------+-------------+---------------+-------------+----------+----------------+----------+----------------------------------------------------------------------------+
* Logic Loads column represents load cell count of all cell types other than IO, GT and clock resources
** IO Loads column represents load cell count of IO types
*** Clocking Loads column represents load cell count that are clock resources (global clock buffer, MMCM, PLL, etc)
**** GT Loads column represents load cell count of GT types


+----+----+-----------+
|    | X0 | X1        |
+----+----+-----------+
| Y3 |  0 |         0 |
| Y2 |  0 |  (D) 2105 |
| Y1 |  0 |         0 |
| Y0 |  0 |         0 |
+----+----+-----------+


13. Device Cell Placement Summary for Global Clock g7
-----------------------------------------------------

+-----------+-----------------+-------------------+---------+-------------+---------------+-------------+----------+----------------+----------+-------------------------------------------------------------------------------------------------------+
| Global Id | Driver Type/Pin | Driver Region (D) | Clock   | Period (ns) | Waveform (ns) | Slice Loads | IO Loads | Clocking Loads | GT Loads | Net                                                                                                   |
+-----------+-----------------+-------------------+---------+-------------+---------------+-------------+----------+----------------+----------+-------------------------------------------------------------------------------------------------------+
| g7        | BUFGCTRL/O      | n/a               | clkout1 |       8.000 | {2.000 6.000} |         148 |        0 |              0 |        0 | pz_7z030_axieth_i/axi_ethernet_0/inst/mac/inst/tri_mode_ethernet_mac_support_clocking_i/gtx_clk90_out |
+-----------+-----------------+-------------------+---------+-------------+---------------+-------------+----------+----------------+----------+-------------------------------------------------------------------------------------------------------+
* Logic Loads column represents load cell count of all cell types other than IO, GT and clock resources
** IO Loads column represents load cell count of IO types
*** Clocking Loads column represents load cell count that are clock resources (global clock buffer, MMCM, PLL, etc)
**** GT Loads column represents load cell count of GT types


+----+----+-----+
|    | X0 | X1  |
+----+----+-----+
| Y3 |  0 |  69 |
| Y2 |  0 |  74 |
| Y1 |  0 |   5 |
| Y0 |  0 |   0 |
+----+----+-----+


14. Device Cell Placement Summary for Global Clock g8
-----------------------------------------------------

+-----------+-----------------+-------------------+--------------------------------------+-------------+---------------+-------------+----------+----------------+----------+-------------------------------------------+
| Global Id | Driver Type/Pin | Driver Region (D) | Clock                                | Period (ns) | Waveform (ns) | Slice Loads | IO Loads | Clocking Loads | GT Loads | Net                                       |
+-----------+-----------------+-------------------+--------------------------------------+-------------+---------------+-------------+----------+----------------+----------+-------------------------------------------+
| g8        | BUFG/O          | n/a               | clk_out2_pz_7z030_axieth_clk_wiz_0_0 |       5.000 | {0.000 2.500} |          21 |        0 |              0 |        0 | pz_7z030_axieth_i/clk_wiz_0/inst/clk_out2 |
+-----------+-----------------+-------------------+--------------------------------------+-------------+---------------+-------------+----------+----------------+----------+-------------------------------------------+
* Logic Loads column represents load cell count of all cell types other than IO, GT and clock resources
** IO Loads column represents load cell count of IO types
*** Clocking Loads column represents load cell count that are clock resources (global clock buffer, MMCM, PLL, etc)
**** GT Loads column represents load cell count of GT types


+----+----+-----+
|    | X0 | X1  |
+----+----+-----+
| Y3 |  0 |   1 |
| Y2 |  0 |  20 |
| Y1 |  0 |   0 |
| Y0 |  0 |   0 |
+----+----+-----+


15. Device Cell Placement Summary for Global Clock g9
-----------------------------------------------------

+-----------+-----------------+-------------------+--------------------------------------+-------------+---------------+-------------+----------+----------------+----------+---------------------------------------------------------------------------+
| Global Id | Driver Type/Pin | Driver Region (D) | Clock                                | Period (ns) | Waveform (ns) | Slice Loads | IO Loads | Clocking Loads | GT Loads | Net                                                                       |
+-----------+-----------------+-------------------+--------------------------------------+-------------+---------------+-------------+----------+----------------+----------+---------------------------------------------------------------------------+
| g9        | BUFG/O          | n/a               | clkfbout_pz_7z030_axieth_clk_wiz_0_0 |       8.000 | {0.000 4.000} |           0 |        0 |              1 |        0 | pz_7z030_axieth_i/clk_wiz_0/inst/clkfbout_buf_pz_7z030_axieth_clk_wiz_0_0 |
+-----------+-----------------+-------------------+--------------------------------------+-------------+---------------+-------------+----------+----------------+----------+---------------------------------------------------------------------------+
* Logic Loads column represents load cell count of all cell types other than IO, GT and clock resources
** IO Loads column represents load cell count of IO types
*** Clocking Loads column represents load cell count that are clock resources (global clock buffer, MMCM, PLL, etc)
**** GT Loads column represents load cell count of GT types


+----+----+----+
|    | X0 | X1 |
+----+----+----+
| Y3 |  0 |  1 |
| Y2 |  0 |  0 |
| Y1 |  0 |  0 |
| Y0 |  0 |  0 |
+----+----+----+


16. Clock Region Cell Placement per Global Clock: Region X0Y0
-------------------------------------------------------------

+-----------+-------+-----------------+------------+-------------+-----------------+------+--------+------+-----+----+------+-----+---------+-------------------------------------------------------+
| Global Id | Track | Driver Type/Pin | Constraint | Clock Loads | Non-Clock Loads | FF   | LUTRAM | RAMB | DSP | GT | MMCM | PLL | Hard IP | Net                                                   |
+-----------+-------+-----------------+------------+-------------+-----------------+------+--------+------+-----+----+------+-----+---------+-------------------------------------------------------+
| g0        | n/a   | BUFG/O          | None       |        5646 |               0 | 5401 |    239 |    3 |   0 |  0 |    1 |   0 |       0 | pz_7z030_axieth_i/clk_wiz_0/inst/clk_out1             |
| g1        | n/a   | BUFG/O          | None       |        2059 |               0 | 2059 |      0 |    0 |   0 |  0 |    0 |   0 |       0 | pz_7z030_axieth_i/processing_system7_0/inst/FCLK_CLK0 |
+-----------+-------+-----------------+------------+-------------+-----------------+------+--------+------+-----+----+------+-----+---------+-------------------------------------------------------+
* Clock Loads column represents the clock pin loads (pin count)
** Non-Clock Loads column represents the non-clock pin loads (pin count)
*** Columns FF, LUTRAM, RAMB through 'Hard IP' represents load cell counts


17. Clock Region Cell Placement per Global Clock: Region X1Y0
-------------------------------------------------------------

+-----------+-------+-----------------+------------+-------------+-----------------+------+--------+------+-----+----+------+-----+---------+-----------------------------------------------------------------------------------------------------+
| Global Id | Track | Driver Type/Pin | Constraint | Clock Loads | Non-Clock Loads | FF   | LUTRAM | RAMB | DSP | GT | MMCM | PLL | Hard IP | Net                                                                                                 |
+-----------+-------+-----------------+------------+-------------+-----------------+------+--------+------+-----+----+------+-----+---------+-----------------------------------------------------------------------------------------------------+
| g0        | n/a   | BUFG/O          | None       |        6814 |               0 | 6637 |    169 |    6 |   0 |  0 |    0 |   0 |       0 | pz_7z030_axieth_i/clk_wiz_0/inst/clk_out1                                                           |
| g1        | n/a   | BUFG/O          | None       |         240 |               0 |  240 |      0 |    0 |   0 |  0 |    0 |   0 |       0 | pz_7z030_axieth_i/processing_system7_0/inst/FCLK_CLK0                                               |
| g2        | n/a   | BUFGCTRL/O      | None       |         593 |               0 |  587 |      0 |    6 |   0 |  0 |    0 |   0 |       0 | pz_7z030_axieth_i/axi_ethernet_0/inst/mac/inst/tri_mode_ethernet_mac_support_clocking_i/gtx_clk_out |
+-----------+-------+-----------------+------------+-------------+-----------------+------+--------+------+-----+----+------+-----+---------+-----------------------------------------------------------------------------------------------------+
* Clock Loads column represents the clock pin loads (pin count)
** Non-Clock Loads column represents the non-clock pin loads (pin count)
*** Columns FF, LUTRAM, RAMB through 'Hard IP' represents load cell counts


18. Clock Region Cell Placement per Global Clock: Region X0Y1
-------------------------------------------------------------

+-----------+-------+-----------------+------------+-------------+-----------------+------+--------+------+-----+----+------+-----+---------+-----------------------------------------------------------------------------------------------------+
| Global Id | Track | Driver Type/Pin | Constraint | Clock Loads | Non-Clock Loads | FF   | LUTRAM | RAMB | DSP | GT | MMCM | PLL | Hard IP | Net                                                                                                 |
+-----------+-------+-----------------+------------+-------------+-----------------+------+--------+------+-----+----+------+-----+---------+-----------------------------------------------------------------------------------------------------+
| g0        | n/a   | BUFG/O          | None       |        6131 |               0 | 5666 |    463 |    2 |   0 |  0 |    0 |   0 |       0 | pz_7z030_axieth_i/clk_wiz_0/inst/clk_out1                                                           |
| g1        | n/a   | BUFG/O          | None       |        3318 |               0 | 3302 |     16 |    0 |   0 |  0 |    0 |   0 |       0 | pz_7z030_axieth_i/processing_system7_0/inst/FCLK_CLK0                                               |
| g2        | n/a   | BUFGCTRL/O      | None       |          21 |               0 |   20 |      0 |    1 |   0 |  0 |    0 |   0 |       0 | pz_7z030_axieth_i/axi_ethernet_0/inst/mac/inst/tri_mode_ethernet_mac_support_clocking_i/gtx_clk_out |
+-----------+-------+-----------------+------------+-------------+-----------------+------+--------+------+-----+----+------+-----+---------+-----------------------------------------------------------------------------------------------------+
* Clock Loads column represents the clock pin loads (pin count)
** Non-Clock Loads column represents the non-clock pin loads (pin count)
*** Columns FF, LUTRAM, RAMB through 'Hard IP' represents load cell counts


19. Clock Region Cell Placement per Global Clock: Region X1Y1
-------------------------------------------------------------

+-----------+-------+-----------------+------------+-------------+-----------------+------+--------+------+-----+----+------+-----+---------+-------------------------------------------------------------------------------------------------------+
| Global Id | Track | Driver Type/Pin | Constraint | Clock Loads | Non-Clock Loads | FF   | LUTRAM | RAMB | DSP | GT | MMCM | PLL | Hard IP | Net                                                                                                   |
+-----------+-------+-----------------+------------+-------------+-----------------+------+--------+------+-----+----+------+-----+---------+-------------------------------------------------------------------------------------------------------+
| g0        | n/a   | BUFG/O          | None       |        4721 |               0 | 4231 |    488 |    0 |   0 |  0 |    0 |   0 |       0 | pz_7z030_axieth_i/clk_wiz_0/inst/clk_out1                                                             |
| g1        | n/a   | BUFG/O          | None       |        2792 |               0 | 2792 |      0 |    0 |   0 |  0 |    0 |   0 |       0 | pz_7z030_axieth_i/processing_system7_0/inst/FCLK_CLK0                                                 |
| g2        | n/a   | BUFGCTRL/O      | None       |        3026 |               0 | 3006 |     20 |    0 |   0 |  0 |    0 |   0 |       0 | pz_7z030_axieth_i/axi_ethernet_0/inst/mac/inst/tri_mode_ethernet_mac_support_clocking_i/gtx_clk_out   |
| g7        | n/a   | BUFGCTRL/O      | None       |           5 |               0 |    5 |      0 |    0 |   0 |  0 |    0 |   0 |       0 | pz_7z030_axieth_i/axi_ethernet_0/inst/mac/inst/tri_mode_ethernet_mac_support_clocking_i/gtx_clk90_out |
+-----------+-------+-----------------+------------+-------------+-----------------+------+--------+------+-----+----+------+-----+---------+-------------------------------------------------------------------------------------------------------+
* Clock Loads column represents the clock pin loads (pin count)
** Non-Clock Loads column represents the non-clock pin loads (pin count)
*** Columns FF, LUTRAM, RAMB through 'Hard IP' represents load cell counts


20. Clock Region Cell Placement per Global Clock: Region X0Y2
-------------------------------------------------------------

+-----------+-------+-----------------+------------+-------------+-----------------+------+--------+------+-----+----+------+-----+---------+-----------------------------------------------------------------------------------------------------+
| Global Id | Track | Driver Type/Pin | Constraint | Clock Loads | Non-Clock Loads | FF   | LUTRAM | RAMB | DSP | GT | MMCM | PLL | Hard IP | Net                                                                                                 |
+-----------+-------+-----------------+------------+-------------+-----------------+------+--------+------+-----+----+------+-----+---------+-----------------------------------------------------------------------------------------------------+
| g0        | n/a   | BUFG/O          | None       |        1288 |               0 | 1274 |     11 |    1 |   0 |  0 |    0 |   0 |       0 | pz_7z030_axieth_i/clk_wiz_0/inst/clk_out1                                                           |
| g1        | n/a   | BUFG/O          | None       |        3281 |               0 | 3219 |     62 |    0 |   0 |  0 |    0 |   0 |       0 | pz_7z030_axieth_i/processing_system7_0/inst/FCLK_CLK0                                               |
| g2        | n/a   | BUFGCTRL/O      | None       |         472 |               0 |  471 |      0 |    1 |   0 |  0 |    0 |   0 |       0 | pz_7z030_axieth_i/axi_ethernet_0/inst/mac/inst/tri_mode_ethernet_mac_support_clocking_i/gtx_clk_out |
+-----------+-------+-----------------+------------+-------------+-----------------+------+--------+------+-----+----+------+-----+---------+-----------------------------------------------------------------------------------------------------+
* Clock Loads column represents the clock pin loads (pin count)
** Non-Clock Loads column represents the non-clock pin loads (pin count)
*** Columns FF, LUTRAM, RAMB through 'Hard IP' represents load cell counts


21. Clock Region Cell Placement per Global Clock: Region X1Y2
-------------------------------------------------------------

+-----------+-------+-----------------+------------+-------------+-----------------+------+--------+------+-----+----+------+-----+---------+-------------------------------------------------------------------------------------------------------+
| Global Id | Track | Driver Type/Pin | Constraint | Clock Loads | Non-Clock Loads | FF   | LUTRAM | RAMB | DSP | GT | MMCM | PLL | Hard IP | Net                                                                                                   |
+-----------+-------+-----------------+------------+-------------+-----------------+------+--------+------+-----+----+------+-----+---------+-------------------------------------------------------------------------------------------------------+
| g0        | n/a   | BUFG/O          | None       |         549 |               0 |  545 |      0 |    4 |   0 |  0 |    0 |   0 |       0 | pz_7z030_axieth_i/clk_wiz_0/inst/clk_out1                                                             |
| g1        | n/a   | BUFG/O          | None       |        1280 |               0 | 1280 |      0 |    0 |   0 |  0 |    0 |   0 |       0 | pz_7z030_axieth_i/processing_system7_0/inst/FCLK_CLK0                                                 |
| g2        | n/a   | BUFGCTRL/O      | None       |        1645 |               0 | 1626 |      9 |    0 |   0 |  0 |    0 |   0 |       0 | pz_7z030_axieth_i/axi_ethernet_0/inst/mac/inst/tri_mode_ethernet_mac_support_clocking_i/gtx_clk_out   |
| g5        | n/a   | BUFR/O          | None       |        2105 |               0 | 2080 |     23 |    2 |   0 |  0 |    0 |   0 |       0 | pz_7z030_axieth_i/axi_ethernet_2/inst/mac/inst/rgmii_interface/rx_mac_aclk                            |
| g6        | n/a   | BUFR/O          | None       |        2105 |               0 | 2080 |     23 |    2 |   0 |  0 |    0 |   0 |       0 | pz_7z030_axieth_i/axi_ethernet_3/inst/mac/inst/rgmii_interface/rx_mac_aclk                            |
| g7        | n/a   | BUFGCTRL/O      | None       |          74 |               0 |   72 |      0 |    0 |   0 |  0 |    0 |   0 |       0 | pz_7z030_axieth_i/axi_ethernet_0/inst/mac/inst/tri_mode_ethernet_mac_support_clocking_i/gtx_clk90_out |
| g8        | n/a   | BUFG/O          | None       |          20 |               0 |   19 |      0 |    0 |   0 |  0 |    0 |   0 |       0 | pz_7z030_axieth_i/clk_wiz_0/inst/clk_out2                                                             |
+-----------+-------+-----------------+------------+-------------+-----------------+------+--------+------+-----+----+------+-----+---------+-------------------------------------------------------------------------------------------------------+
* Clock Loads column represents the clock pin loads (pin count)
** Non-Clock Loads column represents the non-clock pin loads (pin count)
*** Columns FF, LUTRAM, RAMB through 'Hard IP' represents load cell counts


22. Clock Region Cell Placement per Global Clock: Region X0Y3
-------------------------------------------------------------

+-----------+-------+-----------------+------------+-------------+-----------------+------+--------+------+-----+----+------+-----+---------+-----------------------------------------------------------------------------------------------------+
| Global Id | Track | Driver Type/Pin | Constraint | Clock Loads | Non-Clock Loads | FF   | LUTRAM | RAMB | DSP | GT | MMCM | PLL | Hard IP | Net                                                                                                 |
+-----------+-------+-----------------+------------+-------------+-----------------+------+--------+------+-----+----+------+-----+---------+-----------------------------------------------------------------------------------------------------+
| g0        | n/a   | BUFG/O          | None       |         426 |               0 |  426 |      0 |    0 |   0 |  0 |    0 |   0 |       0 | pz_7z030_axieth_i/clk_wiz_0/inst/clk_out1                                                           |
| g1        | n/a   | BUFG/O          | None       |         170 |               0 |  161 |      8 |    0 |   0 |  0 |    0 |   0 |       0 | pz_7z030_axieth_i/processing_system7_0/inst/FCLK_CLK0                                               |
| g2        | n/a   | BUFGCTRL/O      | None       |        1377 |               0 | 1367 |     10 |    0 |   0 |  0 |    0 |   0 |       0 | pz_7z030_axieth_i/axi_ethernet_0/inst/mac/inst/tri_mode_ethernet_mac_support_clocking_i/gtx_clk_out |
+-----------+-------+-----------------+------------+-------------+-----------------+------+--------+------+-----+----+------+-----+---------+-----------------------------------------------------------------------------------------------------+
* Clock Loads column represents the clock pin loads (pin count)
** Non-Clock Loads column represents the non-clock pin loads (pin count)
*** Columns FF, LUTRAM, RAMB through 'Hard IP' represents load cell counts


23. Clock Region Cell Placement per Global Clock: Region X1Y3
-------------------------------------------------------------

+-----------+-------+-----------------+------------+-------------+-----------------+------+--------+------+-----+----+------+-----+---------+-------------------------------------------------------------------------------------------------------+
| Global Id | Track | Driver Type/Pin | Constraint | Clock Loads | Non-Clock Loads | FF   | LUTRAM | RAMB | DSP | GT | MMCM | PLL | Hard IP | Net                                                                                                   |
+-----------+-------+-----------------+------------+-------------+-----------------+------+--------+------+-----+----+------+-----+---------+-------------------------------------------------------------------------------------------------------+
| g0        | n/a   | BUFG/O          | None       |          10 |               0 |    6 |      0 |    4 |   0 |  0 |    0 |   0 |       0 | pz_7z030_axieth_i/clk_wiz_0/inst/clk_out1                                                             |
| g1        | n/a   | BUFG/O          | None       |          57 |               0 |   57 |      0 |    0 |   0 |  0 |    0 |   0 |       0 | pz_7z030_axieth_i/processing_system7_0/inst/FCLK_CLK0                                                 |
| g2        | n/a   | BUFGCTRL/O      | None       |         148 |               0 |  138 |      0 |    0 |   0 |  0 |    0 |   0 |       0 | pz_7z030_axieth_i/axi_ethernet_0/inst/mac/inst/tri_mode_ethernet_mac_support_clocking_i/gtx_clk_out   |
| g3        | n/a   | BUFR/O          | None       |        2105 |               0 | 2080 |     23 |    2 |   0 |  0 |    0 |   0 |       0 | pz_7z030_axieth_i/axi_ethernet_0/inst/mac/inst/tri_mode_ethernet_mac_i/rgmii_interface/rx_mac_aclk    |
| g4        | n/a   | BUFR/O          | None       |        2105 |               0 | 2080 |     23 |    2 |   0 |  0 |    0 |   0 |       0 | pz_7z030_axieth_i/axi_ethernet_1/inst/mac/inst/rgmii_interface/rx_mac_aclk                            |
| g7        | n/a   | BUFGCTRL/O      | None       |          69 |               0 |   67 |      0 |    0 |   0 |  0 |    0 |   0 |       0 | pz_7z030_axieth_i/axi_ethernet_0/inst/mac/inst/tri_mode_ethernet_mac_support_clocking_i/gtx_clk90_out |
| g8        | n/a   | BUFG/O          | None       |           1 |               0 |    0 |      0 |    0 |   0 |  0 |    0 |   0 |       0 | pz_7z030_axieth_i/clk_wiz_0/inst/clk_out2                                                             |
| g9        | n/a   | BUFG/O          | None       |           1 |               0 |    0 |      0 |    0 |   0 |  0 |    1 |   0 |       0 | pz_7z030_axieth_i/clk_wiz_0/inst/clkfbout_buf_pz_7z030_axieth_clk_wiz_0_0                             |
+-----------+-------+-----------------+------------+-------------+-----------------+------+--------+------+-----+----+------+-----+---------+-------------------------------------------------------------------------------------------------------+
* Clock Loads column represents the clock pin loads (pin count)
** Non-Clock Loads column represents the non-clock pin loads (pin count)
*** Columns FF, LUTRAM, RAMB through 'Hard IP' represents load cell counts



# Location of BUFG Primitives 
set_property LOC BUFGCTRL_X0Y16 [get_cells pz_7z030_axieth_i/processing_system7_0/inst/buffer_fclk_clk_0.FCLK_CLK_0_BUFG]
set_property LOC BUFGCTRL_X0Y19 [get_cells pz_7z030_axieth_i/clk_wiz_0/inst/clkf_buf]
set_property LOC BUFGCTRL_X0Y17 [get_cells pz_7z030_axieth_i/clk_wiz_0/inst/clkout2_buf]
set_property LOC BUFGCTRL_X0Y18 [get_cells pz_7z030_axieth_i/clk_wiz_0/inst/clkout1_buf]
set_property LOC BUFGCTRL_X0Y0 [get_cells pz_7z030_axieth_i/axi_ethernet_0/inst/mac/inst/tri_mode_ethernet_mac_support_clocking_i/clkout1_buf]
set_property LOC BUFGCTRL_X0Y1 [get_cells pz_7z030_axieth_i/axi_ethernet_0/inst/mac/inst/tri_mode_ethernet_mac_support_clocking_i/clkout2_buf]

# Location of BUFIO Primitives 
set_property LOC BUFIO_X1Y8 [get_cells pz_7z030_axieth_i/axi_ethernet_3/inst/mac/inst/rgmii_interface/bufio_rgmii_rx_clk]
set_property LOC BUFIO_X1Y9 [get_cells pz_7z030_axieth_i/axi_ethernet_2/inst/mac/inst/rgmii_interface/bufio_rgmii_rx_clk]
set_property LOC BUFIO_X1Y12 [get_cells pz_7z030_axieth_i/axi_ethernet_1/inst/mac/inst/rgmii_interface/bufio_rgmii_rx_clk]
set_property LOC BUFIO_X1Y13 [get_cells pz_7z030_axieth_i/axi_ethernet_0/inst/mac/inst/tri_mode_ethernet_mac_i/rgmii_interface/bufio_rgmii_rx_clk]

# Location of BUFR Primitives 
set_property LOC BUFR_X1Y9 [get_cells pz_7z030_axieth_i/axi_ethernet_3/inst/mac/inst/rgmii_interface/bufr_rgmii_rx_clk]
set_property LOC BUFR_X1Y8 [get_cells pz_7z030_axieth_i/axi_ethernet_2/inst/mac/inst/rgmii_interface/bufr_rgmii_rx_clk]
set_property LOC BUFR_X1Y13 [get_cells pz_7z030_axieth_i/axi_ethernet_1/inst/mac/inst/rgmii_interface/bufr_rgmii_rx_clk]
set_property LOC BUFR_X1Y12 [get_cells pz_7z030_axieth_i/axi_ethernet_0/inst/mac/inst/tri_mode_ethernet_mac_i/rgmii_interface/bufr_rgmii_rx_clk]

# Location of IO Primitives which is load of clock spine

# Location of clock ports
set_property LOC IOB_X1Y175 [get_ports ref_clk_clk_n]
set_property LOC IOB_X1Y176 [get_ports ref_clk_clk_p]
set_property LOC IOB_X1Y174 [get_ports rgmii_port_0_rxc]
set_property LOC IOB_X1Y172 [get_ports rgmii_port_1_rxc]
set_property LOC IOB_X1Y124 [get_ports rgmii_port_2_rxc]
set_property LOC IOB_X1Y122 [get_ports rgmii_port_3_rxc]

# Clock net "pz_7z030_axieth_i/processing_system7_0/inst/FCLK_CLK0" driven by instance "pz_7z030_axieth_i/processing_system7_0/inst/buffer_fclk_clk_0.FCLK_CLK_0_BUFG" located at site "BUFGCTRL_X0Y16"
#startgroup
create_pblock {CLKAG_pz_7z030_axieth_i/processing_system7_0/inst/FCLK_CLK0}
add_cells_to_pblock [get_pblocks  {CLKAG_pz_7z030_axieth_i/processing_system7_0/inst/FCLK_CLK0}] [get_cells -filter { PRIMITIVE_GROUP != I/O && IS_PRIMITIVE==1 && PRIMITIVE_LEVEL !=INTERNAL } -of_object [get_pins -filter {DIRECTION==IN} -of_objects [get_nets -hierarchical -filter {PARENT=="pz_7z030_axieth_i/processing_system7_0/inst/FCLK_CLK0"}]]]
resize_pblock [get_pblocks {CLKAG_pz_7z030_axieth_i/processing_system7_0/inst/FCLK_CLK0}] -add {CLOCKREGION_X0Y0:CLOCKREGION_X0Y0 CLOCKREGION_X0Y1:CLOCKREGION_X0Y1 CLOCKREGION_X0Y2:CLOCKREGION_X0Y2 CLOCKREGION_X0Y3:CLOCKREGION_X0Y3 CLOCKREGION_X1Y0:CLOCKREGION_X1Y0 CLOCKREGION_X1Y1:CLOCKREGION_X1Y1 CLOCKREGION_X1Y2:CLOCKREGION_X1Y2 CLOCKREGION_X1Y3:CLOCKREGION_X1Y3}
#endgroup

# Clock net "pz_7z030_axieth_i/clk_wiz_0/inst/clk_out2" driven by instance "pz_7z030_axieth_i/clk_wiz_0/inst/clkout2_buf" located at site "BUFGCTRL_X0Y17"
#startgroup
create_pblock {CLKAG_pz_7z030_axieth_i/clk_wiz_0/inst/clk_out2}
add_cells_to_pblock [get_pblocks  {CLKAG_pz_7z030_axieth_i/clk_wiz_0/inst/clk_out2}] [get_cells -filter { PRIMITIVE_GROUP != I/O && IS_PRIMITIVE==1 && PRIMITIVE_LEVEL !=INTERNAL } -of_object [get_pins -filter {DIRECTION==IN} -of_objects [get_nets -hierarchical -filter {PARENT=="pz_7z030_axieth_i/clk_wiz_0/inst/clk_out2"}]]]
resize_pblock [get_pblocks {CLKAG_pz_7z030_axieth_i/clk_wiz_0/inst/clk_out2}] -add {CLOCKREGION_X1Y2:CLOCKREGION_X1Y2 CLOCKREGION_X1Y3:CLOCKREGION_X1Y3}
#endgroup

# Clock net "pz_7z030_axieth_i/clk_wiz_0/inst/clk_out1" driven by instance "pz_7z030_axieth_i/clk_wiz_0/inst/clkout1_buf" located at site "BUFGCTRL_X0Y18"
#startgroup
create_pblock {CLKAG_pz_7z030_axieth_i/clk_wiz_0/inst/clk_out1}
add_cells_to_pblock [get_pblocks  {CLKAG_pz_7z030_axieth_i/clk_wiz_0/inst/clk_out1}] [get_cells -filter { PRIMITIVE_GROUP != I/O && IS_PRIMITIVE==1 && PRIMITIVE_LEVEL !=INTERNAL && NAME!=pz_7z030_axieth_i/axi_ethernet_0/inst/mac/inst/tri_mode_ethernet_mac_support_clocking_i/mmcm_adv_inst} -of_object [get_pins -filter {DIRECTION==IN} -of_objects [get_nets -hierarchical -filter {PARENT=="pz_7z030_axieth_i/clk_wiz_0/inst/clk_out1"}]]]
resize_pblock [get_pblocks {CLKAG_pz_7z030_axieth_i/clk_wiz_0/inst/clk_out1}] -add {CLOCKREGION_X0Y0:CLOCKREGION_X0Y0 CLOCKREGION_X0Y1:CLOCKREGION_X0Y1 CLOCKREGION_X0Y2:CLOCKREGION_X0Y2 CLOCKREGION_X0Y3:CLOCKREGION_X0Y3 CLOCKREGION_X1Y0:CLOCKREGION_X1Y0 CLOCKREGION_X1Y1:CLOCKREGION_X1Y1 CLOCKREGION_X1Y2:CLOCKREGION_X1Y2 CLOCKREGION_X1Y3:CLOCKREGION_X1Y3}
#endgroup

# Clock net "pz_7z030_axieth_i/axi_ethernet_3/inst/mac/inst/rgmii_interface/rx_mac_aclk" driven by instance "pz_7z030_axieth_i/axi_ethernet_3/inst/mac/inst/rgmii_interface/bufr_rgmii_rx_clk" located at site "BUFR_X1Y9"
#startgroup
create_pblock {CLKAG_pz_7z030_axieth_i/axi_ethernet_3/inst/mac/inst/rgmii_interface/rx_mac_aclk}
add_cells_to_pblock [get_pblocks  {CLKAG_pz_7z030_axieth_i/axi_ethernet_3/inst/mac/inst/rgmii_interface/rx_mac_aclk}] [get_cells -filter { PRIMITIVE_GROUP != I/O && IS_PRIMITIVE==1 && PRIMITIVE_LEVEL !=INTERNAL } -of_object [get_pins -filter {DIRECTION==IN} -of_objects [get_nets -hierarchical -filter {PARENT=="pz_7z030_axieth_i/axi_ethernet_3/inst/mac/inst/rgmii_interface/rx_mac_aclk"}]]]
resize_pblock [get_pblocks {CLKAG_pz_7z030_axieth_i/axi_ethernet_3/inst/mac/inst/rgmii_interface/rx_mac_aclk}] -add {CLOCKREGION_X1Y2:CLOCKREGION_X1Y2}
#endgroup

# Clock net "pz_7z030_axieth_i/axi_ethernet_2/inst/mac/inst/rgmii_interface/rx_mac_aclk" driven by instance "pz_7z030_axieth_i/axi_ethernet_2/inst/mac/inst/rgmii_interface/bufr_rgmii_rx_clk" located at site "BUFR_X1Y8"
#startgroup
create_pblock {CLKAG_pz_7z030_axieth_i/axi_ethernet_2/inst/mac/inst/rgmii_interface/rx_mac_aclk}
add_cells_to_pblock [get_pblocks  {CLKAG_pz_7z030_axieth_i/axi_ethernet_2/inst/mac/inst/rgmii_interface/rx_mac_aclk}] [get_cells -filter { PRIMITIVE_GROUP != I/O && IS_PRIMITIVE==1 && PRIMITIVE_LEVEL !=INTERNAL } -of_object [get_pins -filter {DIRECTION==IN} -of_objects [get_nets -hierarchical -filter {PARENT=="pz_7z030_axieth_i/axi_ethernet_2/inst/mac/inst/rgmii_interface/rx_mac_aclk"}]]]
resize_pblock [get_pblocks {CLKAG_pz_7z030_axieth_i/axi_ethernet_2/inst/mac/inst/rgmii_interface/rx_mac_aclk}] -add {CLOCKREGION_X1Y2:CLOCKREGION_X1Y2}
#endgroup

# Clock net "pz_7z030_axieth_i/axi_ethernet_1/inst/mac/inst/rgmii_interface/rx_mac_aclk" driven by instance "pz_7z030_axieth_i/axi_ethernet_1/inst/mac/inst/rgmii_interface/bufr_rgmii_rx_clk" located at site "BUFR_X1Y13"
#startgroup
create_pblock {CLKAG_pz_7z030_axieth_i/axi_ethernet_1/inst/mac/inst/rgmii_interface/rx_mac_aclk}
add_cells_to_pblock [get_pblocks  {CLKAG_pz_7z030_axieth_i/axi_ethernet_1/inst/mac/inst/rgmii_interface/rx_mac_aclk}] [get_cells -filter { PRIMITIVE_GROUP != I/O && IS_PRIMITIVE==1 && PRIMITIVE_LEVEL !=INTERNAL } -of_object [get_pins -filter {DIRECTION==IN} -of_objects [get_nets -hierarchical -filter {PARENT=="pz_7z030_axieth_i/axi_ethernet_1/inst/mac/inst/rgmii_interface/rx_mac_aclk"}]]]
resize_pblock [get_pblocks {CLKAG_pz_7z030_axieth_i/axi_ethernet_1/inst/mac/inst/rgmii_interface/rx_mac_aclk}] -add {CLOCKREGION_X1Y3:CLOCKREGION_X1Y3}
#endgroup

# Clock net "pz_7z030_axieth_i/axi_ethernet_0/inst/mac/inst/tri_mode_ethernet_mac_support_clocking_i/gtx_clk_out" driven by instance "pz_7z030_axieth_i/axi_ethernet_0/inst/mac/inst/tri_mode_ethernet_mac_support_clocking_i/clkout1_buf" located at site "BUFGCTRL_X0Y0"
#startgroup
create_pblock {CLKAG_pz_7z030_axieth_i/axi_ethernet_0/inst/mac/inst/tri_mode_ethernet_mac_support_clocking_i/gtx_clk_out}
add_cells_to_pblock [get_pblocks  {CLKAG_pz_7z030_axieth_i/axi_ethernet_0/inst/mac/inst/tri_mode_ethernet_mac_support_clocking_i/gtx_clk_out}] [get_cells -filter { PRIMITIVE_GROUP != I/O && IS_PRIMITIVE==1 && PRIMITIVE_LEVEL !=INTERNAL } -of_object [get_pins -filter {DIRECTION==IN} -of_objects [get_nets -hierarchical -filter {PARENT=="pz_7z030_axieth_i/axi_ethernet_0/inst/mac/inst/tri_mode_ethernet_mac_support_clocking_i/gtx_clk_out"}]]]
resize_pblock [get_pblocks {CLKAG_pz_7z030_axieth_i/axi_ethernet_0/inst/mac/inst/tri_mode_ethernet_mac_support_clocking_i/gtx_clk_out}] -add {CLOCKREGION_X0Y1:CLOCKREGION_X0Y1 CLOCKREGION_X0Y2:CLOCKREGION_X0Y2 CLOCKREGION_X0Y3:CLOCKREGION_X0Y3 CLOCKREGION_X1Y0:CLOCKREGION_X1Y0 CLOCKREGION_X1Y1:CLOCKREGION_X1Y1 CLOCKREGION_X1Y2:CLOCKREGION_X1Y2 CLOCKREGION_X1Y3:CLOCKREGION_X1Y3}
#endgroup

# Clock net "pz_7z030_axieth_i/axi_ethernet_0/inst/mac/inst/tri_mode_ethernet_mac_support_clocking_i/gtx_clk90_out" driven by instance "pz_7z030_axieth_i/axi_ethernet_0/inst/mac/inst/tri_mode_ethernet_mac_support_clocking_i/clkout2_buf" located at site "BUFGCTRL_X0Y1"
#startgroup
create_pblock {CLKAG_pz_7z030_axieth_i/axi_ethernet_0/inst/mac/inst/tri_mode_ethernet_mac_support_clocking_i/gtx_clk90_out}
add_cells_to_pblock [get_pblocks  {CLKAG_pz_7z030_axieth_i/axi_ethernet_0/inst/mac/inst/tri_mode_ethernet_mac_support_clocking_i/gtx_clk90_out}] [get_cells -filter { PRIMITIVE_GROUP != I/O && IS_PRIMITIVE==1 && PRIMITIVE_LEVEL !=INTERNAL } -of_object [get_pins -filter {DIRECTION==IN} -of_objects [get_nets -hierarchical -filter {PARENT=="pz_7z030_axieth_i/axi_ethernet_0/inst/mac/inst/tri_mode_ethernet_mac_support_clocking_i/gtx_clk90_out"}]]]
resize_pblock [get_pblocks {CLKAG_pz_7z030_axieth_i/axi_ethernet_0/inst/mac/inst/tri_mode_ethernet_mac_support_clocking_i/gtx_clk90_out}] -add {CLOCKREGION_X1Y1:CLOCKREGION_X1Y1 CLOCKREGION_X1Y2:CLOCKREGION_X1Y2 CLOCKREGION_X1Y3:CLOCKREGION_X1Y3}
#endgroup

# Clock net "pz_7z030_axieth_i/axi_ethernet_0/inst/mac/inst/tri_mode_ethernet_mac_i/rgmii_interface/rx_mac_aclk" driven by instance "pz_7z030_axieth_i/axi_ethernet_0/inst/mac/inst/tri_mode_ethernet_mac_i/rgmii_interface/bufr_rgmii_rx_clk" located at site "BUFR_X1Y12"
#startgroup
create_pblock {CLKAG_pz_7z030_axieth_i/axi_ethernet_0/inst/mac/inst/tri_mode_ethernet_mac_i/rgmii_interface/rx_mac_aclk}
add_cells_to_pblock [get_pblocks  {CLKAG_pz_7z030_axieth_i/axi_ethernet_0/inst/mac/inst/tri_mode_ethernet_mac_i/rgmii_interface/rx_mac_aclk}] [get_cells -filter { PRIMITIVE_GROUP != I/O && IS_PRIMITIVE==1 && PRIMITIVE_LEVEL !=INTERNAL } -of_object [get_pins -filter {DIRECTION==IN} -of_objects [get_nets -hierarchical -filter {PARENT=="pz_7z030_axieth_i/axi_ethernet_0/inst/mac/inst/tri_mode_ethernet_mac_i/rgmii_interface/rx_mac_aclk"}]]]
resize_pblock [get_pblocks {CLKAG_pz_7z030_axieth_i/axi_ethernet_0/inst/mac/inst/tri_mode_ethernet_mac_i/rgmii_interface/rx_mac_aclk}] -add {CLOCKREGION_X1Y3:CLOCKREGION_X1Y3}
#endgroup
