
*** Running vivado
    with args -log pz_7z030_axieth_axi_ethernet_1_0.vds -m64 -product Vivado -mode batch -messageDb vivado.pb -notrace -source pz_7z030_axieth_axi_ethernet_1_0.tcl


****** Vivado v2018.2 (64-bit)
  **** SW Build 2258646 on Thu Jun 14 20:02:38 MDT 2018
  **** IP Build 2256618 on Thu Jun 14 22:10:49 MDT 2018
    ** Copyright 1986-2018 Xilinx, Inc. All Rights Reserved.

source pz_7z030_axieth_axi_ethernet_1_0.tcl -notrace
Command: synth_design -top pz_7z030_axieth_axi_ethernet_1_0 -part xc7z030sbg485-1 -mode out_of_context
Starting synth_design
Attempting to get a license for feature 'Synthesis' and/or device 'xc7z030'
INFO: [Common 17-349] Got license for feature 'Synthesis' and/or device 'xc7z030'
INFO: Launching helper process for spawning children vivado processes
INFO: Helper process launched with PID 8287 
---------------------------------------------------------------------------------
Starting RTL Elaboration : Time (s): cpu = 00:00:02 ; elapsed = 00:00:03 . Memory (MB): peak = 1324.922 ; gain = 92.996 ; free physical = 182 ; free virtual = 7135
---------------------------------------------------------------------------------
INFO: [Synth 8-6157] synthesizing module 'pz_7z030_axieth_axi_ethernet_1_0' [/home/shreyas/Desktop/projects/picozedFMCeth/Vivado/pz_7z030_axieth/pz_7z030_axieth.srcs/sources_1/bd/pz_7z030_axieth/ip/pz_7z030_axieth_axi_ethernet_1_0/synth/pz_7z030_axieth_axi_ethernet_1_0.v:59]
INFO: [Synth 8-6157] synthesizing module 'bd_df76' [/home/shreyas/Desktop/projects/picozedFMCeth/Vivado/pz_7z030_axieth/pz_7z030_axieth.srcs/sources_1/bd/pz_7z030_axieth/ip/pz_7z030_axieth_axi_ethernet_1_0/bd_0/synth/bd_df76.v:10]
INFO: [Synth 8-6157] synthesizing module 'bd_df76_c_counter_binary_0_0' [/home/shreyas/Desktop/projects/picozedFMCeth/Vivado/pz_7z030_axieth/pz_7z030_axieth.runs/pz_7z030_axieth_axi_ethernet_1_0_synth_1/.Xil/Vivado-8232-shreyas-Lenovo-ideapad-500S-14ISK/realtime/bd_df76_c_counter_binary_0_0_stub.v:6]
INFO: [Synth 8-6155] done synthesizing module 'bd_df76_c_counter_binary_0_0' (1#1) [/home/shreyas/Desktop/projects/picozedFMCeth/Vivado/pz_7z030_axieth/pz_7z030_axieth.runs/pz_7z030_axieth_axi_ethernet_1_0_synth_1/.Xil/Vivado-8232-shreyas-Lenovo-ideapad-500S-14ISK/realtime/bd_df76_c_counter_binary_0_0_stub.v:6]
WARNING: [Synth 8-350] instance 'c_counter_binary_0' of module 'bd_df76_c_counter_binary_0_0' requires 4 connections, but only 3 given [/home/shreyas/Desktop/projects/picozedFMCeth/Vivado/pz_7z030_axieth/pz_7z030_axieth.srcs/sources_1/bd/pz_7z030_axieth/ip/pz_7z030_axieth_axi_ethernet_1_0/bd_0/synth/bd_df76.v:289]
INFO: [Synth 8-6157] synthesizing module 'bd_df76_c_shift_ram_0_0' [/home/shreyas/Desktop/projects/picozedFMCeth/Vivado/pz_7z030_axieth/pz_7z030_axieth.runs/pz_7z030_axieth_axi_ethernet_1_0_synth_1/.Xil/Vivado-8232-shreyas-Lenovo-ideapad-500S-14ISK/realtime/bd_df76_c_shift_ram_0_0_stub.v:6]
INFO: [Synth 8-6155] done synthesizing module 'bd_df76_c_shift_ram_0_0' (2#1) [/home/shreyas/Desktop/projects/picozedFMCeth/Vivado/pz_7z030_axieth/pz_7z030_axieth.runs/pz_7z030_axieth_axi_ethernet_1_0_synth_1/.Xil/Vivado-8232-shreyas-Lenovo-ideapad-500S-14ISK/realtime/bd_df76_c_shift_ram_0_0_stub.v:6]
INFO: [Synth 8-6157] synthesizing module 'bd_df76_eth_buf_0' [/home/shreyas/Desktop/projects/picozedFMCeth/Vivado/pz_7z030_axieth/pz_7z030_axieth.runs/pz_7z030_axieth_axi_ethernet_1_0_synth_1/.Xil/Vivado-8232-shreyas-Lenovo-ideapad-500S-14ISK/realtime/bd_df76_eth_buf_0_stub.v:6]
INFO: [Synth 8-6155] done synthesizing module 'bd_df76_eth_buf_0' (3#1) [/home/shreyas/Desktop/projects/picozedFMCeth/Vivado/pz_7z030_axieth/pz_7z030_axieth.runs/pz_7z030_axieth_axi_ethernet_1_0_synth_1/.Xil/Vivado-8232-shreyas-Lenovo-ideapad-500S-14ISK/realtime/bd_df76_eth_buf_0_stub.v:6]
WARNING: [Synth 8-350] instance 'eth_buf' of module 'bd_df76_eth_buf_0' requires 102 connections, but only 96 given [/home/shreyas/Desktop/projects/picozedFMCeth/Vivado/pz_7z030_axieth/pz_7z030_axieth.srcs/sources_1/bd/pz_7z030_axieth/ip/pz_7z030_axieth_axi_ethernet_1_0/bd_0/synth/bd_df76.v:299]
INFO: [Synth 8-6157] synthesizing module 'bd_df76_mac_0' [/home/shreyas/Desktop/projects/picozedFMCeth/Vivado/pz_7z030_axieth/pz_7z030_axieth.runs/pz_7z030_axieth_axi_ethernet_1_0_synth_1/.Xil/Vivado-8232-shreyas-Lenovo-ideapad-500S-14ISK/realtime/bd_df76_mac_0_stub.v:6]
INFO: [Synth 8-6155] done synthesizing module 'bd_df76_mac_0' (4#1) [/home/shreyas/Desktop/projects/picozedFMCeth/Vivado/pz_7z030_axieth/pz_7z030_axieth.runs/pz_7z030_axieth_axi_ethernet_1_0_synth_1/.Xil/Vivado-8232-shreyas-Lenovo-ideapad-500S-14ISK/realtime/bd_df76_mac_0_stub.v:6]
WARNING: [Synth 8-350] instance 'mac' of module 'bd_df76_mac_0' requires 62 connections, but only 54 given [/home/shreyas/Desktop/projects/picozedFMCeth/Vivado/pz_7z030_axieth/pz_7z030_axieth.srcs/sources_1/bd/pz_7z030_axieth/ip/pz_7z030_axieth_axi_ethernet_1_0/bd_0/synth/bd_df76.v:396]
INFO: [Synth 8-6157] synthesizing module 'bd_df76_util_vector_logic_0_0' [/home/shreyas/Desktop/projects/picozedFMCeth/Vivado/pz_7z030_axieth/pz_7z030_axieth.runs/pz_7z030_axieth_axi_ethernet_1_0_synth_1/.Xil/Vivado-8232-shreyas-Lenovo-ideapad-500S-14ISK/realtime/bd_df76_util_vector_logic_0_0_stub.v:6]
INFO: [Synth 8-6155] done synthesizing module 'bd_df76_util_vector_logic_0_0' (5#1) [/home/shreyas/Desktop/projects/picozedFMCeth/Vivado/pz_7z030_axieth/pz_7z030_axieth.runs/pz_7z030_axieth_axi_ethernet_1_0_synth_1/.Xil/Vivado-8232-shreyas-Lenovo-ideapad-500S-14ISK/realtime/bd_df76_util_vector_logic_0_0_stub.v:6]
INFO: [Synth 8-6157] synthesizing module 'bd_df76_xlconstant_0_0' [/home/shreyas/Desktop/projects/picozedFMCeth/Vivado/pz_7z030_axieth/pz_7z030_axieth.runs/pz_7z030_axieth_axi_ethernet_1_0_synth_1/.Xil/Vivado-8232-shreyas-Lenovo-ideapad-500S-14ISK/realtime/bd_df76_xlconstant_0_0_stub.v:6]
INFO: [Synth 8-6155] done synthesizing module 'bd_df76_xlconstant_0_0' (6#1) [/home/shreyas/Desktop/projects/picozedFMCeth/Vivado/pz_7z030_axieth/pz_7z030_axieth.runs/pz_7z030_axieth_axi_ethernet_1_0_synth_1/.Xil/Vivado-8232-shreyas-Lenovo-ideapad-500S-14ISK/realtime/bd_df76_xlconstant_0_0_stub.v:6]
INFO: [Synth 8-6155] done synthesizing module 'bd_df76' (7#1) [/home/shreyas/Desktop/projects/picozedFMCeth/Vivado/pz_7z030_axieth/pz_7z030_axieth.srcs/sources_1/bd/pz_7z030_axieth/ip/pz_7z030_axieth_axi_ethernet_1_0/bd_0/synth/bd_df76.v:10]
INFO: [Synth 8-6155] done synthesizing module 'pz_7z030_axieth_axi_ethernet_1_0' (8#1) [/home/shreyas/Desktop/projects/picozedFMCeth/Vivado/pz_7z030_axieth/pz_7z030_axieth.srcs/sources_1/bd/pz_7z030_axieth/ip/pz_7z030_axieth_axi_ethernet_1_0/synth/pz_7z030_axieth_axi_ethernet_1_0.v:59]
---------------------------------------------------------------------------------
Finished RTL Elaboration : Time (s): cpu = 00:00:03 ; elapsed = 00:00:04 . Memory (MB): peak = 1368.547 ; gain = 136.621 ; free physical = 162 ; free virtual = 7115
---------------------------------------------------------------------------------

Report Check Netlist: 
+------+------------------+-------+---------+-------+------------------+
|      |Item              |Errors |Warnings |Status |Description       |
+------+------------------+-------+---------+-------+------------------+
|1     |multi_driven_nets |      0|        0|Passed |Multi driven nets |
+------+------------------+-------+---------+-------+------------------+
---------------------------------------------------------------------------------
Start Handling Custom Attributes
---------------------------------------------------------------------------------
---------------------------------------------------------------------------------
Finished Handling Custom Attributes : Time (s): cpu = 00:00:03 ; elapsed = 00:00:05 . Memory (MB): peak = 1368.547 ; gain = 136.621 ; free physical = 158 ; free virtual = 7112
---------------------------------------------------------------------------------
---------------------------------------------------------------------------------
Finished RTL Optimization Phase 1 : Time (s): cpu = 00:00:03 ; elapsed = 00:00:05 . Memory (MB): peak = 1368.547 ; gain = 136.621 ; free physical = 158 ; free virtual = 7112
---------------------------------------------------------------------------------
INFO: [Device 21-403] Loading part xc7z030sbg485-1
INFO: [Project 1-570] Preparing netlist for logic optimization

Processing XDC Constraints
Initializing timing engine
Parsing XDC File [/home/shreyas/Desktop/projects/picozedFMCeth/Vivado/pz_7z030_axieth/pz_7z030_axieth.srcs/sources_1/bd/pz_7z030_axieth/ip/pz_7z030_axieth_axi_ethernet_1_0/bd_0/ip/ip_0/bd_df76_eth_buf_0/bd_1f27_eth_buf_0_in_context.xdc] for cell 'inst/eth_buf'
Finished Parsing XDC File [/home/shreyas/Desktop/projects/picozedFMCeth/Vivado/pz_7z030_axieth/pz_7z030_axieth.srcs/sources_1/bd/pz_7z030_axieth/ip/pz_7z030_axieth_axi_ethernet_1_0/bd_0/ip/ip_0/bd_df76_eth_buf_0/bd_1f27_eth_buf_0_in_context.xdc] for cell 'inst/eth_buf'
Parsing XDC File [/home/shreyas/Desktop/projects/picozedFMCeth/Vivado/pz_7z030_axieth/pz_7z030_axieth.srcs/sources_1/bd/pz_7z030_axieth/ip/pz_7z030_axieth_axi_ethernet_1_0/bd_0/ip/ip_1/bd_df76_mac_0/bd_df76_mac_0_in_context.xdc] for cell 'inst/mac'
Finished Parsing XDC File [/home/shreyas/Desktop/projects/picozedFMCeth/Vivado/pz_7z030_axieth/pz_7z030_axieth.srcs/sources_1/bd/pz_7z030_axieth/ip/pz_7z030_axieth_axi_ethernet_1_0/bd_0/ip/ip_1/bd_df76_mac_0/bd_df76_mac_0_in_context.xdc] for cell 'inst/mac'
Parsing XDC File [/home/shreyas/Desktop/projects/picozedFMCeth/Vivado/pz_7z030_axieth/pz_7z030_axieth.srcs/sources_1/bd/pz_7z030_axieth/ip/pz_7z030_axieth_axi_ethernet_1_0/bd_0/ip/ip_2/bd_df76_c_shift_ram_0_0/bd_1f27_c_shift_ram_0_0_in_context.xdc] for cell 'inst/c_shift_ram_0'
Finished Parsing XDC File [/home/shreyas/Desktop/projects/picozedFMCeth/Vivado/pz_7z030_axieth/pz_7z030_axieth.srcs/sources_1/bd/pz_7z030_axieth/ip/pz_7z030_axieth_axi_ethernet_1_0/bd_0/ip/ip_2/bd_df76_c_shift_ram_0_0/bd_1f27_c_shift_ram_0_0_in_context.xdc] for cell 'inst/c_shift_ram_0'
Parsing XDC File [/home/shreyas/Desktop/projects/picozedFMCeth/Vivado/pz_7z030_axieth/pz_7z030_axieth.srcs/sources_1/bd/pz_7z030_axieth/ip/pz_7z030_axieth_axi_ethernet_1_0/bd_0/ip/ip_3/bd_df76_c_counter_binary_0_0/bd_1f27_c_counter_binary_0_0_in_context.xdc] for cell 'inst/c_counter_binary_0'
Finished Parsing XDC File [/home/shreyas/Desktop/projects/picozedFMCeth/Vivado/pz_7z030_axieth/pz_7z030_axieth.srcs/sources_1/bd/pz_7z030_axieth/ip/pz_7z030_axieth_axi_ethernet_1_0/bd_0/ip/ip_3/bd_df76_c_counter_binary_0_0/bd_1f27_c_counter_binary_0_0_in_context.xdc] for cell 'inst/c_counter_binary_0'
Parsing XDC File [/home/shreyas/Desktop/projects/picozedFMCeth/Vivado/pz_7z030_axieth/pz_7z030_axieth.srcs/sources_1/bd/pz_7z030_axieth/ip/pz_7z030_axieth_axi_ethernet_1_0/bd_0/ip/ip_4/bd_df76_xlconstant_0_0/bd_1f27_xlconstant_0_0_in_context.xdc] for cell 'inst/xlconstant_0'
Finished Parsing XDC File [/home/shreyas/Desktop/projects/picozedFMCeth/Vivado/pz_7z030_axieth/pz_7z030_axieth.srcs/sources_1/bd/pz_7z030_axieth/ip/pz_7z030_axieth_axi_ethernet_1_0/bd_0/ip/ip_4/bd_df76_xlconstant_0_0/bd_1f27_xlconstant_0_0_in_context.xdc] for cell 'inst/xlconstant_0'
Parsing XDC File [/home/shreyas/Desktop/projects/picozedFMCeth/Vivado/pz_7z030_axieth/pz_7z030_axieth.srcs/sources_1/bd/pz_7z030_axieth/ip/pz_7z030_axieth_axi_ethernet_1_0/bd_0/ip/ip_5/bd_df76_util_vector_logic_0_0/bd_1f27_util_vector_logic_0_0_in_context.xdc] for cell 'inst/util_vector_logic_0'
Finished Parsing XDC File [/home/shreyas/Desktop/projects/picozedFMCeth/Vivado/pz_7z030_axieth/pz_7z030_axieth.srcs/sources_1/bd/pz_7z030_axieth/ip/pz_7z030_axieth_axi_ethernet_1_0/bd_0/ip/ip_5/bd_df76_util_vector_logic_0_0/bd_1f27_util_vector_logic_0_0_in_context.xdc] for cell 'inst/util_vector_logic_0'
Parsing XDC File [/home/shreyas/Desktop/projects/picozedFMCeth/Vivado/pz_7z030_axieth/pz_7z030_axieth.srcs/sources_1/bd/pz_7z030_axieth/ip/pz_7z030_axieth_axi_ethernet_1_0/synth/pz_7z030_axieth_axi_ethernet_1_0_ooc.xdc] for cell 'inst'
WARNING: [Constraints 18-619] A clock with name 'rgmii_rxc' already exists, overwriting the previous clock with the same name. [/home/shreyas/Desktop/projects/picozedFMCeth/Vivado/pz_7z030_axieth/pz_7z030_axieth.srcs/sources_1/bd/pz_7z030_axieth/ip/pz_7z030_axieth_axi_ethernet_1_0/synth/pz_7z030_axieth_axi_ethernet_1_0_ooc.xdc:38]
Finished Parsing XDC File [/home/shreyas/Desktop/projects/picozedFMCeth/Vivado/pz_7z030_axieth/pz_7z030_axieth.srcs/sources_1/bd/pz_7z030_axieth/ip/pz_7z030_axieth_axi_ethernet_1_0/synth/pz_7z030_axieth_axi_ethernet_1_0_ooc.xdc] for cell 'inst'
Parsing XDC File [/home/shreyas/Desktop/projects/picozedFMCeth/Vivado/pz_7z030_axieth/pz_7z030_axieth.srcs/sources_1/bd/pz_7z030_axieth/ip/pz_7z030_axieth_axi_ethernet_1_0/pz_7z030_axieth_axi_ethernet_1_0_board.xdc] for cell 'inst'
Finished Parsing XDC File [/home/shreyas/Desktop/projects/picozedFMCeth/Vivado/pz_7z030_axieth/pz_7z030_axieth.srcs/sources_1/bd/pz_7z030_axieth/ip/pz_7z030_axieth_axi_ethernet_1_0/pz_7z030_axieth_axi_ethernet_1_0_board.xdc] for cell 'inst'
Parsing XDC File [/home/shreyas/Desktop/projects/picozedFMCeth/Vivado/pz_7z030_axieth/pz_7z030_axieth.runs/pz_7z030_axieth_axi_ethernet_1_0_synth_1/dont_touch.xdc]
Finished Parsing XDC File [/home/shreyas/Desktop/projects/picozedFMCeth/Vivado/pz_7z030_axieth/pz_7z030_axieth.runs/pz_7z030_axieth_axi_ethernet_1_0_synth_1/dont_touch.xdc]
Completed Processing XDC Constraints

INFO: [Project 1-111] Unisim Transformation Summary:
No Unisim elements were transformed.

Constraint Validation Runtime : Time (s): cpu = 00:00:00.11 ; elapsed = 00:00:01 . Memory (MB): peak = 1662.938 ; gain = 0.000 ; free physical = 106 ; free virtual = 6613
---------------------------------------------------------------------------------
Finished Constraint Validation : Time (s): cpu = 00:00:19 ; elapsed = 00:00:49 . Memory (MB): peak = 1662.938 ; gain = 431.012 ; free physical = 270 ; free virtual = 6796
---------------------------------------------------------------------------------
---------------------------------------------------------------------------------
Start Loading Part and Timing Information
---------------------------------------------------------------------------------
Loading part: xc7z030sbg485-1
---------------------------------------------------------------------------------
Finished Loading Part and Timing Information : Time (s): cpu = 00:00:19 ; elapsed = 00:00:49 . Memory (MB): peak = 1662.938 ; gain = 431.012 ; free physical = 266 ; free virtual = 6796
---------------------------------------------------------------------------------
---------------------------------------------------------------------------------
Start Applying 'set_property' XDC Constraints
---------------------------------------------------------------------------------
Applied set_property IO_BUFFER_TYPE = NONE for rgmii_rx_ctl. (constraint file  /home/shreyas/Desktop/projects/picozedFMCeth/Vivado/pz_7z030_axieth/pz_7z030_axieth.srcs/sources_1/bd/pz_7z030_axieth/ip/pz_7z030_axieth_axi_ethernet_1_0/bd_0/ip/ip_1/bd_df76_mac_0/bd_df76_mac_0_in_context.xdc, line 5).
Applied set_property CLOCK_BUFFER_TYPE = NONE for rgmii_rx_ctl. (constraint file  /home/shreyas/Desktop/projects/picozedFMCeth/Vivado/pz_7z030_axieth/pz_7z030_axieth.srcs/sources_1/bd/pz_7z030_axieth/ip/pz_7z030_axieth_axi_ethernet_1_0/bd_0/ip/ip_1/bd_df76_mac_0/bd_df76_mac_0_in_context.xdc, line 6).
Applied set_property IO_BUFFER_TYPE = NONE for rgmii_rxc. (constraint file  /home/shreyas/Desktop/projects/picozedFMCeth/Vivado/pz_7z030_axieth/pz_7z030_axieth.srcs/sources_1/bd/pz_7z030_axieth/ip/pz_7z030_axieth_axi_ethernet_1_0/bd_0/ip/ip_1/bd_df76_mac_0/bd_df76_mac_0_in_context.xdc, line 7).
Applied set_property CLOCK_BUFFER_TYPE = NONE for rgmii_rxc. (constraint file  /home/shreyas/Desktop/projects/picozedFMCeth/Vivado/pz_7z030_axieth/pz_7z030_axieth.srcs/sources_1/bd/pz_7z030_axieth/ip/pz_7z030_axieth_axi_ethernet_1_0/bd_0/ip/ip_1/bd_df76_mac_0/bd_df76_mac_0_in_context.xdc, line 8).
Applied set_property IO_BUFFER_TYPE = NONE for rgmii_rd[0]. (constraint file  /home/shreyas/Desktop/projects/picozedFMCeth/Vivado/pz_7z030_axieth/pz_7z030_axieth.srcs/sources_1/bd/pz_7z030_axieth/ip/pz_7z030_axieth_axi_ethernet_1_0/bd_0/ip/ip_1/bd_df76_mac_0/bd_df76_mac_0_in_context.xdc, line 9).
Applied set_property CLOCK_BUFFER_TYPE = NONE for rgmii_rd[0]. (constraint file  /home/shreyas/Desktop/projects/picozedFMCeth/Vivado/pz_7z030_axieth/pz_7z030_axieth.srcs/sources_1/bd/pz_7z030_axieth/ip/pz_7z030_axieth_axi_ethernet_1_0/bd_0/ip/ip_1/bd_df76_mac_0/bd_df76_mac_0_in_context.xdc, line 10).
Applied set_property IO_BUFFER_TYPE = NONE for rgmii_rd[1]. (constraint file  /home/shreyas/Desktop/projects/picozedFMCeth/Vivado/pz_7z030_axieth/pz_7z030_axieth.srcs/sources_1/bd/pz_7z030_axieth/ip/pz_7z030_axieth_axi_ethernet_1_0/bd_0/ip/ip_1/bd_df76_mac_0/bd_df76_mac_0_in_context.xdc, line 11).
Applied set_property CLOCK_BUFFER_TYPE = NONE for rgmii_rd[1]. (constraint file  /home/shreyas/Desktop/projects/picozedFMCeth/Vivado/pz_7z030_axieth/pz_7z030_axieth.srcs/sources_1/bd/pz_7z030_axieth/ip/pz_7z030_axieth_axi_ethernet_1_0/bd_0/ip/ip_1/bd_df76_mac_0/bd_df76_mac_0_in_context.xdc, line 12).
Applied set_property IO_BUFFER_TYPE = NONE for rgmii_rd[2]. (constraint file  /home/shreyas/Desktop/projects/picozedFMCeth/Vivado/pz_7z030_axieth/pz_7z030_axieth.srcs/sources_1/bd/pz_7z030_axieth/ip/pz_7z030_axieth_axi_ethernet_1_0/bd_0/ip/ip_1/bd_df76_mac_0/bd_df76_mac_0_in_context.xdc, line 13).
Applied set_property CLOCK_BUFFER_TYPE = NONE for rgmii_rd[2]. (constraint file  /home/shreyas/Desktop/projects/picozedFMCeth/Vivado/pz_7z030_axieth/pz_7z030_axieth.srcs/sources_1/bd/pz_7z030_axieth/ip/pz_7z030_axieth_axi_ethernet_1_0/bd_0/ip/ip_1/bd_df76_mac_0/bd_df76_mac_0_in_context.xdc, line 14).
Applied set_property IO_BUFFER_TYPE = NONE for rgmii_rd[3]. (constraint file  /home/shreyas/Desktop/projects/picozedFMCeth/Vivado/pz_7z030_axieth/pz_7z030_axieth.srcs/sources_1/bd/pz_7z030_axieth/ip/pz_7z030_axieth_axi_ethernet_1_0/bd_0/ip/ip_1/bd_df76_mac_0/bd_df76_mac_0_in_context.xdc, line 15).
Applied set_property CLOCK_BUFFER_TYPE = NONE for rgmii_rd[3]. (constraint file  /home/shreyas/Desktop/projects/picozedFMCeth/Vivado/pz_7z030_axieth/pz_7z030_axieth.srcs/sources_1/bd/pz_7z030_axieth/ip/pz_7z030_axieth_axi_ethernet_1_0/bd_0/ip/ip_1/bd_df76_mac_0/bd_df76_mac_0_in_context.xdc, line 16).
Applied set_property IO_BUFFER_TYPE = NONE for rgmii_tx_ctl. (constraint file  /home/shreyas/Desktop/projects/picozedFMCeth/Vivado/pz_7z030_axieth/pz_7z030_axieth.srcs/sources_1/bd/pz_7z030_axieth/ip/pz_7z030_axieth_axi_ethernet_1_0/bd_0/ip/ip_1/bd_df76_mac_0/bd_df76_mac_0_in_context.xdc, line 17).
Applied set_property CLOCK_BUFFER_TYPE = NONE for rgmii_tx_ctl. (constraint file  /home/shreyas/Desktop/projects/picozedFMCeth/Vivado/pz_7z030_axieth/pz_7z030_axieth.srcs/sources_1/bd/pz_7z030_axieth/ip/pz_7z030_axieth_axi_ethernet_1_0/bd_0/ip/ip_1/bd_df76_mac_0/bd_df76_mac_0_in_context.xdc, line 18).
Applied set_property IO_BUFFER_TYPE = NONE for rgmii_txc. (constraint file  /home/shreyas/Desktop/projects/picozedFMCeth/Vivado/pz_7z030_axieth/pz_7z030_axieth.srcs/sources_1/bd/pz_7z030_axieth/ip/pz_7z030_axieth_axi_ethernet_1_0/bd_0/ip/ip_1/bd_df76_mac_0/bd_df76_mac_0_in_context.xdc, line 19).
Applied set_property CLOCK_BUFFER_TYPE = NONE for rgmii_txc. (constraint file  /home/shreyas/Desktop/projects/picozedFMCeth/Vivado/pz_7z030_axieth/pz_7z030_axieth.srcs/sources_1/bd/pz_7z030_axieth/ip/pz_7z030_axieth_axi_ethernet_1_0/bd_0/ip/ip_1/bd_df76_mac_0/bd_df76_mac_0_in_context.xdc, line 20).
Applied set_property IO_BUFFER_TYPE = NONE for rgmii_td[0]. (constraint file  /home/shreyas/Desktop/projects/picozedFMCeth/Vivado/pz_7z030_axieth/pz_7z030_axieth.srcs/sources_1/bd/pz_7z030_axieth/ip/pz_7z030_axieth_axi_ethernet_1_0/bd_0/ip/ip_1/bd_df76_mac_0/bd_df76_mac_0_in_context.xdc, line 21).
Applied set_property CLOCK_BUFFER_TYPE = NONE for rgmii_td[0]. (constraint file  /home/shreyas/Desktop/projects/picozedFMCeth/Vivado/pz_7z030_axieth/pz_7z030_axieth.srcs/sources_1/bd/pz_7z030_axieth/ip/pz_7z030_axieth_axi_ethernet_1_0/bd_0/ip/ip_1/bd_df76_mac_0/bd_df76_mac_0_in_context.xdc, line 22).
Applied set_property IO_BUFFER_TYPE = NONE for rgmii_td[1]. (constraint file  /home/shreyas/Desktop/projects/picozedFMCeth/Vivado/pz_7z030_axieth/pz_7z030_axieth.srcs/sources_1/bd/pz_7z030_axieth/ip/pz_7z030_axieth_axi_ethernet_1_0/bd_0/ip/ip_1/bd_df76_mac_0/bd_df76_mac_0_in_context.xdc, line 23).
Applied set_property CLOCK_BUFFER_TYPE = NONE for rgmii_td[1]. (constraint file  /home/shreyas/Desktop/projects/picozedFMCeth/Vivado/pz_7z030_axieth/pz_7z030_axieth.srcs/sources_1/bd/pz_7z030_axieth/ip/pz_7z030_axieth_axi_ethernet_1_0/bd_0/ip/ip_1/bd_df76_mac_0/bd_df76_mac_0_in_context.xdc, line 24).
Applied set_property IO_BUFFER_TYPE = NONE for rgmii_td[2]. (constraint file  /home/shreyas/Desktop/projects/picozedFMCeth/Vivado/pz_7z030_axieth/pz_7z030_axieth.srcs/sources_1/bd/pz_7z030_axieth/ip/pz_7z030_axieth_axi_ethernet_1_0/bd_0/ip/ip_1/bd_df76_mac_0/bd_df76_mac_0_in_context.xdc, line 25).
Applied set_property CLOCK_BUFFER_TYPE = NONE for rgmii_td[2]. (constraint file  /home/shreyas/Desktop/projects/picozedFMCeth/Vivado/pz_7z030_axieth/pz_7z030_axieth.srcs/sources_1/bd/pz_7z030_axieth/ip/pz_7z030_axieth_axi_ethernet_1_0/bd_0/ip/ip_1/bd_df76_mac_0/bd_df76_mac_0_in_context.xdc, line 26).
Applied set_property IO_BUFFER_TYPE = NONE for rgmii_td[3]. (constraint file  /home/shreyas/Desktop/projects/picozedFMCeth/Vivado/pz_7z030_axieth/pz_7z030_axieth.srcs/sources_1/bd/pz_7z030_axieth/ip/pz_7z030_axieth_axi_ethernet_1_0/bd_0/ip/ip_1/bd_df76_mac_0/bd_df76_mac_0_in_context.xdc, line 27).
Applied set_property CLOCK_BUFFER_TYPE = NONE for rgmii_td[3]. (constraint file  /home/shreyas/Desktop/projects/picozedFMCeth/Vivado/pz_7z030_axieth/pz_7z030_axieth.srcs/sources_1/bd/pz_7z030_axieth/ip/pz_7z030_axieth_axi_ethernet_1_0/bd_0/ip/ip_1/bd_df76_mac_0/bd_df76_mac_0_in_context.xdc, line 28).
Applied set_property DONT_TOUCH = true for inst. (constraint file  auto generated constraint, line ).
Applied set_property DONT_TOUCH = true for inst/eth_buf. (constraint file  auto generated constraint, line ).
Applied set_property DONT_TOUCH = true for inst/mac. (constraint file  auto generated constraint, line ).
Applied set_property DONT_TOUCH = true for inst/c_shift_ram_0. (constraint file  auto generated constraint, line ).
Applied set_property DONT_TOUCH = true for inst/c_counter_binary_0. (constraint file  auto generated constraint, line ).
Applied set_property DONT_TOUCH = true for inst/xlconstant_0. (constraint file  auto generated constraint, line ).
Applied set_property DONT_TOUCH = true for inst/util_vector_logic_0. (constraint file  auto generated constraint, line ).
---------------------------------------------------------------------------------
Finished applying 'set_property' XDC Constraints : Time (s): cpu = 00:00:19 ; elapsed = 00:00:49 . Memory (MB): peak = 1662.938 ; gain = 431.012 ; free physical = 268 ; free virtual = 6791
---------------------------------------------------------------------------------
---------------------------------------------------------------------------------
Finished RTL Optimization Phase 2 : Time (s): cpu = 00:00:19 ; elapsed = 00:00:50 . Memory (MB): peak = 1662.938 ; gain = 431.012 ; free physical = 256 ; free virtual = 6794
---------------------------------------------------------------------------------

Report RTL Partitions: 
+-+--------------+------------+----------+
| |RTL Partition |Replication |Instances |
+-+--------------+------------+----------+
+-+--------------+------------+----------+
---------------------------------------------------------------------------------
Start RTL Component Statistics 
---------------------------------------------------------------------------------
Detailed RTL Component Info : 
---------------------------------------------------------------------------------
Finished RTL Component Statistics 
---------------------------------------------------------------------------------
---------------------------------------------------------------------------------
Start RTL Hierarchical Component Statistics 
---------------------------------------------------------------------------------
Hierarchical RTL Component report 
---------------------------------------------------------------------------------
Finished RTL Hierarchical Component Statistics
---------------------------------------------------------------------------------
---------------------------------------------------------------------------------
Start Part Resource Summary
---------------------------------------------------------------------------------
Part Resources:
DSPs: 400 (col length:80)
BRAMs: 530 (col length: RAMB18 80 RAMB36 40)
---------------------------------------------------------------------------------
Finished Part Resource Summary
---------------------------------------------------------------------------------
---------------------------------------------------------------------------------
Start Cross Boundary and Area Optimization
---------------------------------------------------------------------------------
Warning: Parallel synthesis criteria is not met 
---------------------------------------------------------------------------------
Finished Cross Boundary and Area Optimization : Time (s): cpu = 00:00:20 ; elapsed = 00:00:51 . Memory (MB): peak = 1662.938 ; gain = 431.012 ; free physical = 242 ; free virtual = 6778
---------------------------------------------------------------------------------

Report RTL Partitions: 
+-+--------------+------------+----------+
| |RTL Partition |Replication |Instances |
+-+--------------+------------+----------+
+-+--------------+------------+----------+
---------------------------------------------------------------------------------
Start Applying XDC Timing Constraints
---------------------------------------------------------------------------------
INFO: [Synth 8-5578] Moved timing constraint from pin 'inst/mac/rx_mac_aclk' to pin 'inst/mac/bbstub_rx_mac_aclk/O'
INFO: [Synth 8-5578] Moved timing constraint from pin 'inst/mac/tx_mac_aclk' to pin 'inst/mac/bbstub_tx_mac_aclk/O'
INFO: [Synth 8-5578] Moved timing constraint from pin 'inst/mac/rgmii_txc' to pin 'inst/mac/bbstub_rgmii_txc/O'
WARNING: [Synth 8-565] redefining clock 'rgmii_rxc'
INFO: [Synth 8-5819] Moved 3 constraints on hierarchical pins to their respective driving/loading pins
---------------------------------------------------------------------------------
Finished Applying XDC Timing Constraints : Time (s): cpu = 00:00:28 ; elapsed = 00:01:02 . Memory (MB): peak = 1692.938 ; gain = 461.012 ; free physical = 114 ; free virtual = 6593
---------------------------------------------------------------------------------
---------------------------------------------------------------------------------
Start Timing Optimization
---------------------------------------------------------------------------------
---------------------------------------------------------------------------------
Finished Timing Optimization : Time (s): cpu = 00:00:28 ; elapsed = 00:01:02 . Memory (MB): peak = 1692.938 ; gain = 461.012 ; free physical = 114 ; free virtual = 6593
---------------------------------------------------------------------------------

Report RTL Partitions: 
+-+--------------+------------+----------+
| |RTL Partition |Replication |Instances |
+-+--------------+------------+----------+
+-+--------------+------------+----------+
---------------------------------------------------------------------------------
Start Technology Mapping
---------------------------------------------------------------------------------
---------------------------------------------------------------------------------
Finished Technology Mapping : Time (s): cpu = 00:00:28 ; elapsed = 00:01:02 . Memory (MB): peak = 1692.938 ; gain = 461.012 ; free physical = 114 ; free virtual = 6593
---------------------------------------------------------------------------------

Report RTL Partitions: 
+-+--------------+------------+----------+
| |RTL Partition |Replication |Instances |
+-+--------------+------------+----------+
+-+--------------+------------+----------+
---------------------------------------------------------------------------------
Start IO Insertion
---------------------------------------------------------------------------------
---------------------------------------------------------------------------------
Start Flattening Before IO Insertion
---------------------------------------------------------------------------------
---------------------------------------------------------------------------------
Finished Flattening Before IO Insertion
---------------------------------------------------------------------------------
---------------------------------------------------------------------------------
Start Final Netlist Cleanup
---------------------------------------------------------------------------------
---------------------------------------------------------------------------------
Finished Final Netlist Cleanup
---------------------------------------------------------------------------------
---------------------------------------------------------------------------------
Finished IO Insertion : Time (s): cpu = 00:00:29 ; elapsed = 00:01:03 . Memory (MB): peak = 1692.938 ; gain = 461.012 ; free physical = 111 ; free virtual = 6593
---------------------------------------------------------------------------------

Report Check Netlist: 
+------+------------------+-------+---------+-------+------------------+
|      |Item              |Errors |Warnings |Status |Description       |
+------+------------------+-------+---------+-------+------------------+
|1     |multi_driven_nets |      0|        0|Passed |Multi driven nets |
+------+------------------+-------+---------+-------+------------------+
---------------------------------------------------------------------------------
Start Renaming Generated Instances
---------------------------------------------------------------------------------
---------------------------------------------------------------------------------
Finished Renaming Generated Instances : Time (s): cpu = 00:00:29 ; elapsed = 00:01:03 . Memory (MB): peak = 1692.938 ; gain = 461.012 ; free physical = 111 ; free virtual = 6593
---------------------------------------------------------------------------------

Report RTL Partitions: 
+-+--------------+------------+----------+
| |RTL Partition |Replication |Instances |
+-+--------------+------------+----------+
+-+--------------+------------+----------+
---------------------------------------------------------------------------------
Start Rebuilding User Hierarchy
---------------------------------------------------------------------------------
---------------------------------------------------------------------------------
Finished Rebuilding User Hierarchy : Time (s): cpu = 00:00:29 ; elapsed = 00:01:03 . Memory (MB): peak = 1692.938 ; gain = 461.012 ; free physical = 111 ; free virtual = 6593
---------------------------------------------------------------------------------
---------------------------------------------------------------------------------
Start Renaming Generated Ports
---------------------------------------------------------------------------------
---------------------------------------------------------------------------------
Finished Renaming Generated Ports : Time (s): cpu = 00:00:29 ; elapsed = 00:01:03 . Memory (MB): peak = 1692.938 ; gain = 461.012 ; free physical = 111 ; free virtual = 6593
---------------------------------------------------------------------------------
---------------------------------------------------------------------------------
Start Handling Custom Attributes
---------------------------------------------------------------------------------
---------------------------------------------------------------------------------
Finished Handling Custom Attributes : Time (s): cpu = 00:00:29 ; elapsed = 00:01:03 . Memory (MB): peak = 1692.938 ; gain = 461.012 ; free physical = 111 ; free virtual = 6593
---------------------------------------------------------------------------------
---------------------------------------------------------------------------------
Start Renaming Generated Nets
---------------------------------------------------------------------------------
---------------------------------------------------------------------------------
Finished Renaming Generated Nets : Time (s): cpu = 00:00:29 ; elapsed = 00:01:03 . Memory (MB): peak = 1692.938 ; gain = 461.012 ; free physical = 111 ; free virtual = 6593
---------------------------------------------------------------------------------
---------------------------------------------------------------------------------
Start Writing Synthesis Report
---------------------------------------------------------------------------------

Report BlackBoxes: 
+------+------------------------------+----------+
|      |BlackBox name                 |Instances |
+------+------------------------------+----------+
|1     |bd_df76_c_counter_binary_0_0  |         1|
|2     |bd_df76_c_shift_ram_0_0       |         1|
|3     |bd_df76_eth_buf_0             |         1|
|4     |bd_df76_mac_0                 |         1|
|5     |bd_df76_util_vector_logic_0_0 |         1|
|6     |bd_df76_xlconstant_0_0        |         1|
+------+------------------------------+----------+

Report Cell Usage: 
+------+------------------------------+------+
|      |Cell                          |Count |
+------+------------------------------+------+
|1     |bd_df76_c_counter_binary_0_0  |     1|
|2     |bd_df76_c_shift_ram_0_0       |     1|
|3     |bd_df76_eth_buf_0             |     1|
|4     |bd_df76_mac_0                 |     1|
|5     |bd_df76_util_vector_logic_0_0 |     1|
|6     |bd_df76_xlconstant_0_0        |     1|
+------+------------------------------+------+

Report Instance Areas: 
+------+---------+--------+------+
|      |Instance |Module  |Cells |
+------+---------+--------+------+
|1     |top      |        |   394|
|2     |  inst   |bd_df76 |   394|
+------+---------+--------+------+
---------------------------------------------------------------------------------
Finished Writing Synthesis Report : Time (s): cpu = 00:00:29 ; elapsed = 00:01:03 . Memory (MB): peak = 1692.938 ; gain = 461.012 ; free physical = 111 ; free virtual = 6593
---------------------------------------------------------------------------------
Synthesis finished with 0 errors, 0 critical warnings and 1 warnings.
Synthesis Optimization Runtime : Time (s): cpu = 00:00:16 ; elapsed = 00:00:24 . Memory (MB): peak = 1692.938 ; gain = 166.621 ; free physical = 168 ; free virtual = 6650
Synthesis Optimization Complete : Time (s): cpu = 00:00:29 ; elapsed = 00:01:03 . Memory (MB): peak = 1692.945 ; gain = 461.012 ; free physical = 168 ; free virtual = 6650
INFO: [Project 1-571] Translating synthesized netlist
INFO: [Project 1-570] Preparing netlist for logic optimization
INFO: [Opt 31-138] Pushed 0 inverter(s) to 0 load pin(s).
INFO: [Project 1-111] Unisim Transformation Summary:
No Unisim elements were transformed.

INFO: [Common 17-83] Releasing license: Synthesis
29 Infos, 5 Warnings, 0 Critical Warnings and 0 Errors encountered.
synth_design completed successfully
synth_design: Time (s): cpu = 00:00:31 ; elapsed = 00:01:05 . Memory (MB): peak = 1714.938 ; gain = 483.012 ; free physical = 150 ; free virtual = 6619
WARNING: [Constraints 18-5210] No constraint will be written out.
INFO: [Common 17-1381] The checkpoint '/home/shreyas/Desktop/projects/picozedFMCeth/Vivado/pz_7z030_axieth/pz_7z030_axieth.runs/pz_7z030_axieth_axi_ethernet_1_0_synth_1/pz_7z030_axieth_axi_ethernet_1_0.dcp' has been generated.
